IQ-TREE multicore version 2.1.3 COVID-edition for Linux 64-bit built Apr 21 2021
Developed by Bui Quang Minh, James Barbetti, Nguyen Lam Tung,
Olga Chernomor, Heiko Schmidt, Dominik Schrempf, Michael Woodhams.

Host:    mitoclub-System-Product-Name (AVX2, FMA3, 62 GB RAM)
Command: iqtree2 -s aln_otu.fasta -m GTR+G -nt 24 -B 1000 --prefix phylo
Seed:    624738 (Using SPRNG - Scalable Parallel Random Number Generator)
Time:    Mon Jun  6 13:59:36 2022
Kernel:  AVX+FMA - 24 threads (24 CPU cores detected)

Reading alignment file aln_otu.fasta ... Fasta format detected
Alignment most likely contains DNA/RNA sequences
Alignment has 1225 sequences with 300 columns, 281 distinct patterns
243 parsimony-informative, 19 singleton sites, 38 constant sites
          Gap/Ambiguity  Composition  p-value
   1  OTU_1195   16.33%    passed     98.10%
   2  OTU_139    16.67%    failed      0.05%
   3  OTU_647    16.33%    passed     18.34%
   4  OTU_559    16.33%    passed     44.59%
   5  OTU_352    16.00%    passed     43.27%
   6  OTU_411    16.00%    passed     54.89%
   7  OTU_129    16.33%    passed     57.98%
   8  OTU_374    16.00%    passed     89.26%
   9  OTU_1151   16.33%    passed     94.47%
  10  OTU_434    16.33%    passed     92.75%
  11  OTU_693    16.33%    passed      6.30%
  12  OTU_1033   16.33%    passed     35.02%
  13  OTU_428    16.33%    failed      2.06%
  14  OTU_813    16.33%    passed     60.13%
  15  OTU_554    16.33%    passed     47.73%
  16  OTU_1226   16.33%    failed      2.70%
  17  OTU_780    16.33%    passed     83.74%
  18  OTU_705    16.33%    passed      6.49%
  19  OTU_859    16.00%    passed     49.27%
  20  OTU_416    16.33%    passed     17.44%
  21  OTU_648    16.33%    passed     49.27%
  22  OTU_336    16.33%    passed     45.65%
  23  OTU_1244   16.33%    passed     14.06%
  24  OTU_778    16.33%    passed     12.56%
  25  OTU_1160   16.33%    passed     24.50%
  26  OTU_903    16.67%    passed     60.73%
  27  OTU_992    16.33%    passed     39.55%
  28  OTU_142    16.33%    passed     25.24%
  29  OTU_1257   16.33%    passed     92.10%
  30  OTU_613    16.33%    passed     11.47%
  31  OTU_1250   16.33%    failed      4.48%
  32  OTU_944    16.33%    passed      6.83%
  33  OTU_672    16.33%    failed      0.70%
  34  OTU_1232   16.33%    passed     83.20%
  35  OTU_836    16.33%    passed     28.34%
  36  OTU_638    16.33%    failed      1.42%
  37  OTU_706    16.33%    passed      6.52%
  38  OTU_990    16.33%    passed     93.97%
  39  OTU_92     16.33%    passed     68.20%
  40  OTU_329    16.33%    passed     59.62%
  41  OTU_825    16.33%    passed     41.76%
  42  OTU_318    16.33%    passed     83.08%
  43  OTU_467    16.33%    passed      7.75%
  44  OTU_1138   16.33%    failed      0.11%
  45  OTU_310    16.33%    failed      0.81%
  46  OTU_935    16.33%    failed      0.45%
  47  OTU_573    16.33%    failed      0.31%
  48  OTU_1048   16.33%    failed      0.56%
  49  OTU_367    16.33%    failed      0.05%
  50  OTU_382    16.33%    failed      0.81%
  51  OTU_195    16.33%    failed      2.45%
  52  OTU_156    16.33%    failed      3.68%
  53  OTU_211    16.33%    failed      4.80%
  54  OTU_789    16.33%    passed     23.92%
  55  OTU_728    16.33%    passed     13.15%
  56  OTU_482    16.33%    passed     93.06%
  57  OTU_827    16.33%    passed     51.42%
  58  OTU_946    16.33%    passed     14.89%
  59  OTU_702    16.33%    passed     17.89%
  60  OTU_470    16.33%    passed     73.45%
  61  OTU_973    16.33%    passed     56.14%
  62  OTU_811    16.33%    passed     92.16%
  63  OTU_462    16.33%    passed     40.37%
  64  OTU_856    16.33%    passed     50.54%
  65  OTU_642    16.33%    passed     90.69%
  66  OTU_358    16.33%    passed     49.27%
  67  OTU_212    16.33%    passed     16.98%
  68  OTU_1087   16.33%    passed      5.54%
  69  OTU_179    16.33%    passed     58.42%
  70  OTU_570    16.33%    passed     21.10%
  71  OTU_1014   16.33%    passed     58.37%
  72  OTU_544    16.33%    passed      9.34%
  73  OTU_1022   16.33%    passed     69.04%
  74  OTU_809    16.33%    passed     77.14%
  75  OTU_918    16.33%    passed     25.23%
  76  OTU_721    16.33%    passed     44.41%
  77  OTU_1115   16.33%    failed      2.91%
  78  OTU_764    16.33%    passed     13.72%
  79  OTU_204    16.33%    passed     27.11%
  80  OTU_443    16.33%    passed     72.56%
  81  OTU_660    16.33%    failed      2.51%
  82  OTU_686    16.33%    passed     15.70%
  83  OTU_685    16.67%    passed     10.72%
  84  OTU_694    16.33%    passed     60.01%
  85  OTU_870    16.33%    passed     58.03%
  86  OTU_298    16.33%    passed     65.87%
  87  OTU_1105   16.33%    passed     16.57%
  88  OTU_576    16.33%    passed      6.83%
  89  OTU_758    16.33%    failed      4.50%
  90  OTU_105    16.00%    passed     49.61%
  91  OTU_67     16.33%    passed     19.67%
  92  OTU_865    16.33%    failed      4.75%
  93  OTU_72     16.00%    failed      1.05%
  94  OTU_238    16.33%    passed     14.53%
  95  OTU_1016   16.33%    passed     12.33%
  96  OTU_874    16.33%    passed     38.73%
  97  OTU_1006   16.33%    passed     19.38%
  98  OTU_432    16.33%    passed     23.59%
  99  OTU_715    16.33%    passed     29.17%
 100  OTU_904    16.33%    passed     19.92%
 101  OTU_445    16.33%    passed      6.83%
 102  OTU_144    16.33%    passed     16.98%
 103  OTU_829    16.33%    passed     82.67%
 104  OTU_174    16.33%    passed     54.50%
 105  OTU_360    16.33%    passed     81.21%
 106  OTU_617    16.33%    passed     57.35%
 107  OTU_477    16.33%    passed     51.58%
 108  OTU_634    16.67%    passed     41.07%
 109  OTU_1034   16.67%    passed     60.17%
 110  OTU_1170   16.67%    passed     56.85%
 111  OTU_36     16.33%    passed     70.30%
 112  OTU_21     16.33%    passed     98.31%
 113  OTU_269    16.33%    passed     88.31%
 114  OTU_958    16.33%    passed     48.21%
 115  OTU_872    16.33%    passed     53.86%
 116  OTU_750    16.33%    passed     87.17%
 117  OTU_436    16.33%    passed     92.60%
 118  OTU_254    16.33%    passed     57.26%
 119  OTU_901    16.33%    passed     74.63%
 120  OTU_159    16.33%    passed     91.07%
 121  OTU_725    16.00%    passed     97.78%
 122  OTU_692    16.33%    passed     16.26%
 123  OTU_880    16.33%    passed     74.35%
 124  OTU_879    16.33%    passed     16.35%
 125  OTU_773    16.33%    passed     12.58%
 126  OTU_548    16.00%    passed     67.80%
 127  OTU_558    16.33%    passed     90.25%
 128  OTU_308    16.33%    passed     85.66%
 129  OTU_853    16.33%    passed     64.84%
 130  OTU_1025   16.33%    passed     67.40%
 131  OTU_627    16.33%    passed     85.08%
 132  OTU_688    16.33%    passed     73.74%
 133  OTU_1251   16.33%    passed     50.43%
 134  OTU_803    16.33%    passed     86.35%
 135  OTU_485    16.33%    passed     49.59%
 136  OTU_663    16.33%    passed     44.77%
 137  OTU_696    16.33%    passed     88.06%
 138  OTU_492    16.33%    passed     88.77%
 139  OTU_784    16.33%    passed     70.57%
 140  OTU_831    16.33%    passed     77.58%
 141  OTU_95     16.33%    passed     50.25%
 142  OTU_845    16.33%    passed     75.61%
 143  OTU_439    16.67%    passed     73.30%
 144  OTU_818    16.33%    passed     99.43%
 145  OTU_401    16.33%    passed     97.74%
 146  OTU_599    16.33%    passed     78.23%
 147  OTU_775    16.33%    passed     42.68%
 148  OTU_963    16.33%    passed     92.67%
 149  OTU_83     16.33%    passed     99.19%
 150  OTU_717    16.33%    passed     98.46%
 151  OTU_828    16.33%    passed     37.52%
 152  OTU_875    16.67%    passed     75.82%
 153  OTU_745    16.33%    passed     76.62%
 154  OTU_549    16.33%    passed     69.34%
 155  OTU_1052   16.33%    passed     84.85%
 156  OTU_140    16.33%    passed     90.96%
 157  OTU_755    16.33%    passed     75.56%
 158  OTU_1062   16.33%    passed     98.31%
 159  OTU_524    16.33%    passed     91.42%
 160  OTU_98     16.33%    passed     99.41%
 161  OTU_923    16.33%    passed     75.19%
 162  OTU_45     16.00%    passed     74.40%
 163  OTU_3      16.00%    passed     52.39%
 164  OTU_1163   16.33%    passed     11.86%
 165  OTU_161    16.33%    passed     50.17%
 166  OTU_5      16.00%    passed     55.63%
 167  OTU_848    16.33%    passed     98.49%
 168  OTU_16     16.00%    passed     46.08%
 169  OTU_1044   16.33%    passed     50.17%
 170  OTU_243    16.33%    passed     76.41%
 171  OTU_1159   16.33%    passed     50.29%
 172  OTU_595    16.33%    passed     91.49%
 173  OTU_846    16.33%    passed     54.69%
 174  OTU_69     16.00%    passed     97.70%
 175  OTU_965    16.33%    passed     57.35%
 176  OTU_861    16.33%    passed     91.49%
 177  OTU_1210   16.33%    passed     88.25%
 178  OTU_380    16.33%    passed     82.23%
 179  OTU_610    16.33%    passed     89.42%
 180  OTU_321    16.33%    passed     52.68%
 181  OTU_675    16.33%    passed     62.52%
 182  OTU_384    16.33%    passed     96.92%
 183  OTU_111    16.33%    passed     92.01%
 184  OTU_1013   16.33%    passed     80.12%
 185  OTU_34     16.33%    passed     57.18%
 186  OTU_606    16.33%    passed     92.01%
 187  OTU_106    16.33%    passed     94.99%
 188  OTU_66     16.33%    passed     99.12%
 189  OTU_117    16.33%    passed     96.44%
 190  OTU_101    16.00%    passed     86.72%
 191  OTU_757    16.33%    passed     98.13%
 192  OTU_506    16.33%    passed     92.46%
 193  OTU_130    16.00%    passed     96.81%
 194  OTU_938    16.33%    passed     64.07%
 195  OTU_192    16.33%    passed     75.19%
 196  OTU_143    16.33%    passed     54.69%
 197  OTU_953    16.33%    passed     43.61%
 198  OTU_353    16.33%    passed     83.30%
 199  OTU_550    16.33%    passed     56.67%
 200  OTU_400    16.33%    passed     29.28%
 201  OTU_1255   16.33%    passed     56.64%
 202  OTU_1106   16.33%    passed     41.87%
 203  OTU_718    16.33%    passed     48.87%
 204  OTU_525    16.33%    passed     93.03%
 205  OTU_1000   16.33%    passed     71.62%
 206  OTU_616    16.33%    passed     76.95%
 207  OTU_265    16.33%    passed     20.92%
 208  OTU_199    16.00%    passed     27.01%
 209  OTU_967    16.33%    passed     97.71%
 210  OTU_104    16.33%    passed     56.50%
 211  OTU_216    16.33%    passed     86.90%
 212  OTU_287    16.33%    passed     88.39%
 213  OTU_1104   16.00%    passed     87.33%
 214  OTU_1098   16.33%    passed     16.60%
 215  OTU_74     16.33%    passed     67.70%
 216  OTU_90     16.00%    passed     68.16%
 217  OTU_1049   16.33%    passed     75.48%
 218  OTU_226    16.33%    passed     99.13%
 219  OTU_664    16.33%    passed     89.10%
 220  OTU_351    16.33%    passed     27.60%
 221  OTU_123    16.33%    passed     97.70%
 222  OTU_275    16.33%    passed     34.73%
 223  OTU_220    16.33%    passed     95.73%
 224  OTU_102    16.33%    passed     70.16%
 225  OTU_819    16.33%    passed     96.80%
 226  OTU_1118   16.33%    passed     99.88%
 227  OTU_922    16.33%    passed     83.37%
 228  OTU_294    16.33%    passed     93.88%
 229  OTU_724    16.33%    passed     85.96%
 230  OTU_777    16.33%    passed     77.99%
 231  OTU_79     16.33%    passed     62.88%
 232  OTU_656    16.33%    passed     86.61%
 233  OTU_410    16.33%    passed     90.46%
 234  OTU_163    16.33%    passed     78.67%
 235  OTU_680    16.33%    passed     56.29%
 236  OTU_921    16.33%    passed     81.33%
 237  OTU_1214   16.33%    passed     90.17%
 238  OTU_1095   16.33%    passed     71.69%
 239  OTU_790    16.33%    passed     67.04%
 240  OTU_683    16.33%    passed     84.85%
 241  OTU_729    16.33%    passed     87.79%
 242  OTU_1041   16.33%    passed     65.65%
 243  OTU_1114   16.33%    passed     87.97%
 244  OTU_530    16.33%    passed     75.31%
 245  OTU_589    16.33%    passed     86.06%
 246  OTU_210    16.33%    passed     99.12%
 247  OTU_13     16.33%    passed     94.82%
 248  OTU_118    16.33%    passed     93.22%
 249  OTU_335    16.33%    passed     94.86%
 250  OTU_334    16.33%    passed     85.96%
 251  OTU_196    16.33%    passed     94.52%
 252  OTU_314    16.33%    passed     99.33%
 253  OTU_454    16.33%    passed     83.06%
 254  OTU_64     16.00%    passed     60.05%
 255  OTU_94     16.33%    passed     84.90%
 256  OTU_153    16.33%    passed     37.52%
 257  OTU_162    16.33%    passed     67.04%
 258  OTU_1180   16.33%    passed     92.93%
 259  OTU_1225   16.00%    passed     90.26%
 260  OTU_835    16.33%    passed     87.88%
 261  OTU_386    16.33%    passed     96.61%
 262  OTU_478    16.33%    passed     56.64%
 263  OTU_76     16.33%    passed     73.40%
 264  OTU_278    16.33%    passed     64.85%
 265  OTU_149    16.33%    passed     95.52%
 266  OTU_388    16.33%    passed     94.82%
 267  OTU_1188   16.33%    passed     79.29%
 268  OTU_70     16.33%    passed     93.19%
 269  OTU_26     16.00%    passed     91.54%
 270  OTU_12     16.00%    passed     95.92%
 271  OTU_108    16.00%    passed     91.27%
 272  OTU_396    16.33%    passed     93.85%
 273  OTU_207    16.33%    passed     90.29%
 274  OTU_132    16.33%    passed     99.59%
 275  OTU_281    16.33%    passed     97.44%
 276  OTU_645    16.33%    passed     70.15%
 277  OTU_871    16.33%    passed     98.29%
 278  OTU_1185   16.33%    passed     98.56%
 279  OTU_125    16.33%    passed     57.54%
 280  OTU_202    16.33%    passed     93.19%
 281  OTU_542    16.33%    passed     47.65%
 282  OTU_32     16.33%    passed     96.94%
 283  OTU_1023   16.33%    passed     97.96%
 284  OTU_137    16.33%    passed     71.39%
 285  OTU_476    16.33%    passed     77.10%
 286  OTU_448    16.33%    passed     93.03%
 287  OTU_261    16.33%    passed     99.12%
 288  OTU_1119   16.33%    passed     95.35%
 289  OTU_998    16.33%    passed     73.40%
 290  OTU_495    16.33%    passed     93.99%
 291  OTU_55     16.33%    passed     84.24%
 292  OTU_87     16.00%    passed     86.78%
 293  OTU_115    16.33%    passed     96.05%
 294  OTU_248    16.33%    passed     98.13%
 295  OTU_113    16.33%    passed     95.28%
 296  OTU_60     16.00%    passed     84.37%
 297  OTU_325    16.33%    passed     81.52%
 298  OTU_670    16.33%    passed     83.62%
 299  OTU_263    16.33%    passed     70.76%
 300  OTU_75     16.33%    passed     97.03%
 301  OTU_422    16.33%    passed     92.33%
 302  OTU_38     16.00%    passed     91.04%
 303  OTU_481    16.33%    passed     98.56%
 304  OTU_397    16.33%    passed     95.83%
 305  OTU_371    16.33%    passed     99.13%
 306  OTU_1136   16.33%    passed     98.13%
 307  OTU_968    16.33%    passed     96.05%
 308  OTU_301    16.33%    passed     94.94%
 309  OTU_378    16.33%    passed     83.61%
 310  OTU_734    16.33%    passed     94.94%
 311  OTU_1249   16.33%    passed     91.05%
 312  OTU_136    16.33%    passed     95.23%
 313  OTU_1213   16.33%    passed     84.61%
 314  OTU_741    16.33%    passed     80.26%
 315  OTU_317    16.33%    passed     95.87%
 316  OTU_126    16.00%    passed     86.97%
 317  OTU_78     16.33%    passed     90.23%
 318  OTU_821    16.33%    passed     73.82%
 319  OTU_375    16.33%    passed     96.05%
 320  OTU_14     16.00%    passed     48.19%
 321  OTU_133    16.33%    passed     96.80%
 322  OTU_593    16.33%    passed     93.08%
 323  OTU_390    16.33%    passed     88.35%
 324  OTU_876    16.33%    passed     46.28%
 325  OTU_415    16.33%    passed     59.72%
 326  OTU_1021   16.33%    passed     94.26%
 327  OTU_455    16.33%    passed     97.36%
 328  OTU_427    16.33%    passed     82.25%
 329  OTU_832    16.00%    passed     61.75%
 330  OTU_1073   16.00%    passed     70.51%
 331  OTU_556    16.00%    passed     32.48%
 332  OTU_639    16.00%    passed     23.48%
 333  OTU_166    16.00%    passed     45.79%
 334  OTU_91     16.33%    passed      7.43%
 335  OTU_749    16.67%    passed     10.96%
 336  OTU_1141   16.33%    passed      9.43%
 337  OTU_581    16.33%    passed     83.45%
 338  OTU_782    16.67%    passed     31.80%
 339  OTU_236    16.33%    passed     96.44%
 340  OTU_372    16.33%    passed     27.94%
 341  OTU_167    16.33%    passed     12.62%
 342  OTU_451    16.00%    passed     67.66%
 343  OTU_594    16.33%    passed     10.59%
 344  OTU_659    16.33%    passed     13.31%
 345  OTU_769    16.33%    passed     61.76%
 346  OTU_24     16.00%    passed     34.69%
 347  OTU_173    16.33%    passed     51.02%
 348  OTU_1256   16.33%    passed     39.55%
 349  OTU_469    16.33%    passed     44.10%
 350  OTU_661    16.33%    passed     68.62%
 351  OTU_553    16.33%    passed     12.56%
 352  OTU_948    16.33%    passed     51.58%
 353  OTU_1143   16.33%    failed      4.72%
 354  OTU_699    16.33%    passed     49.75%
 355  OTU_619    16.33%    passed     69.93%
 356  OTU_383    16.33%    passed     67.78%
 357  OTU_284    16.33%    passed     67.76%
 358  OTU_37     16.33%    passed     84.76%
 359  OTU_56     16.33%    passed     84.69%
 360  OTU_62     16.33%    passed     68.26%
 361  OTU_949    16.33%    passed     93.78%
 362  OTU_1197   16.33%    passed     83.49%
 363  OTU_816    16.33%    passed     40.02%
 364  OTU_540    16.33%    passed     76.19%
 365  OTU_493    16.33%    passed     71.39%
 366  OTU_208    16.00%    passed     25.45%
 367  OTU_1228   16.33%    passed     40.13%
 368  OTU_869    16.33%    passed     89.67%
 369  OTU_1178   16.33%    passed     39.09%
 370  OTU_709    16.33%    passed     85.95%
 371  OTU_480    16.33%    passed     38.10%
 372  OTU_1045   16.33%    passed     29.48%
 373  OTU_1015   16.33%    passed     95.44%
 374  OTU_164    16.33%    passed     19.98%
 375  OTU_681    16.33%    passed     99.19%
 376  OTU_1238   16.33%    passed     60.90%
 377  OTU_147    16.33%    passed     96.42%
 378  OTU_1096   16.33%    passed     99.04%
 379  OTU_682    16.33%    passed     99.18%
 380  OTU_888    16.33%    passed     96.47%
 381  OTU_122    16.33%    passed     46.45%
 382  OTU_1193   16.33%    passed     93.74%
 383  OTU_668    16.33%    passed     80.02%
 384  OTU_950    16.33%    passed     92.94%
 385  OTU_276    16.33%    passed     96.69%
 386  OTU_677    16.33%    passed     50.40%
 387  OTU_969    16.33%    passed     95.72%
 388  OTU_332    16.33%    passed     84.85%
 389  OTU_957    16.33%    passed     85.92%
 390  OTU_30     16.33%    passed     99.03%
 391  OTU_993    16.33%    passed     70.56%
 392  OTU_982    16.33%    passed     93.19%
 393  OTU_700    16.33%    passed     97.11%
 394  OTU_209    16.33%    passed     81.10%
 395  OTU_1203   16.33%    passed     99.63%
 396  OTU_1097   16.33%    passed     93.10%
 397  OTU_1169   16.33%    passed     82.97%
 398  OTU_866    16.33%    passed     94.04%
 399  OTU_690    16.33%    passed     85.76%
 400  OTU_387    16.33%    passed     63.84%
 401  OTU_1189   16.33%    passed     89.15%
 402  OTU_723    16.33%    passed     98.11%
 403  OTU_522    16.33%    passed     98.25%
 404  OTU_291    16.33%    passed     50.75%
 405  OTU_222    16.33%    passed     93.97%
 406  OTU_630    16.33%    passed     99.46%
 407  OTU_851    16.33%    passed     82.14%
 408  OTU_1116   16.33%    passed     95.88%
 409  OTU_214    16.33%    passed     77.10%
 410  OTU_947    16.33%    passed     82.18%
 411  OTU_877    16.33%    passed     83.49%
 412  OTU_407    16.33%    passed     95.04%
 413  OTU_1008   16.33%    passed     54.69%
 414  OTU_240    16.33%    passed     95.73%
 415  OTU_915    16.33%    passed     99.13%
 416  OTU_1217   16.67%    passed     87.33%
 417  OTU_900    16.33%    passed     96.94%
 418  OTU_808    16.33%    passed     96.80%
 419  OTU_239    16.33%    passed     92.94%
 420  OTU_1040   16.33%    passed     77.22%
 421  OTU_889    16.33%    passed     98.71%
 422  OTU_1075   16.33%    passed     99.13%
 423  OTU_57     16.33%    passed     89.13%
 424  OTU_591    16.33%    passed     94.95%
 425  OTU_1042   16.33%    passed     96.85%
 426  OTU_394    16.33%    passed     92.33%
 427  OTU_739    16.33%    passed     90.59%
 428  OTU_975    16.33%    passed     36.41%
 429  OTU_1051   16.33%    passed     98.31%
 430  OTU_444    16.33%    passed     82.51%
 431  OTU_658    16.33%    passed     78.80%
 432  OTU_528    16.33%    passed     95.23%
 433  OTU_742    16.33%    passed     91.62%
 434  OTU_250    16.33%    passed     97.96%
 435  OTU_1091   16.33%    passed     99.91%
 436  OTU_398    16.33%    passed     96.32%
 437  OTU_27     16.00%    passed     94.38%
 438  OTU_39     16.33%    passed     95.73%
 439  OTU_176    16.33%    passed     72.56%
 440  OTU_160    16.33%    passed     46.46%
 441  OTU_96     16.33%    passed     51.05%
 442  OTU_403    16.00%    passed     63.05%
 443  OTU_190    16.33%    passed     46.37%
 444  OTU_283    16.33%    passed     60.21%
 445  OTU_529    16.33%    passed     56.03%
 446  OTU_19     15.33%    failed      0.20%
 447  OTU_547    16.33%    passed     60.40%
 448  OTU_182    16.33%    failed      0.02%
 449  OTU_791    16.00%    failed      0.25%
 450  OTU_366    16.33%    passed     85.51%
 451  OTU_560    16.33%    passed     51.06%
 452  OTU_746    16.33%    passed     67.92%
 453  OTU_753    16.33%    passed     85.64%
 454  OTU_539    16.33%    passed     79.55%
 455  OTU_1191   16.33%    passed     51.43%
 456  OTU_1029   16.33%    passed     76.56%
 457  OTU_1253   16.33%    passed     93.97%
 458  OTU_48     16.00%    passed     74.50%
 459  OTU_85     16.33%    passed     57.26%
 460  OTU_20     16.33%    passed     15.31%
 461  OTU_1047   16.33%    passed     82.86%
 462  OTU_552    16.33%    passed     88.43%
 463  OTU_788    16.33%    passed     87.80%
 464  OTU_346    16.33%    passed     32.74%
 465  OTU_266    16.33%    passed     59.47%
 466  OTU_1057   16.67%    passed     84.77%
 467  OTU_649    16.33%    passed     89.40%
 468  OTU_1001   16.33%    passed     80.03%
 469  OTU_1043   16.33%    passed     68.95%
 470  OTU_1122   16.33%    passed     78.05%
 471  OTU_847    16.33%    passed     65.58%
 472  OTU_1011   16.33%    passed     97.21%
 473  OTU_783    16.33%    passed     69.36%
 474  OTU_347    16.33%    passed     77.99%
 475  OTU_1215   16.33%    passed     84.75%
 476  OTU_597    16.33%    passed     69.44%
 477  OTU_299    16.33%    passed     93.74%
 478  OTU_793    16.33%    passed     76.90%
 479  OTU_1002   16.33%    passed     82.97%
 480  OTU_807    16.33%    passed     82.45%
 481  OTU_377    16.33%    passed     84.60%
 482  OTU_1125   16.33%    passed     97.23%
 483  OTU_603    16.33%    passed     98.10%
 484  OTU_598    16.33%    passed     99.03%
 485  OTU_242    16.00%    passed     51.70%
 486  OTU_262    16.33%    passed     88.53%
 487  OTU_516    16.33%    passed     81.43%
 488  OTU_892    16.33%    passed     88.51%
 489  OTU_1147   16.33%    passed     79.33%
 490  OTU_1234   16.33%    passed     99.78%
 491  OTU_814    16.67%    passed     45.77%
 492  OTU_956    16.33%    passed     94.51%
 493  OTU_293    16.33%    passed     73.30%
 494  OTU_986    16.33%    passed     89.72%
 495  OTU_253    16.33%    passed     80.02%
 496  OTU_1093   16.33%    passed     58.81%
 497  OTU_1247   16.33%    passed     93.37%
 498  OTU_1056   16.33%    passed     84.07%
 499  OTU_752    16.33%    passed     71.94%
 500  OTU_654    16.33%    passed     85.13%
 501  OTU_418    16.33%    passed     75.26%
 502  OTU_197    16.33%    passed     70.90%
 503  OTU_588    16.33%    passed     97.90%
 504  OTU_970    16.33%    passed     96.78%
 505  OTU_763    16.33%    passed     74.92%
 506  OTU_551    16.33%    passed     88.35%
 507  OTU_189    16.33%    passed     91.63%
 508  OTU_438    16.33%    passed     94.51%
 509  OTU_1149   16.33%    passed     98.34%
 510  OTU_408    16.33%    passed     99.46%
 511  OTU_1204   16.33%    passed     64.13%
 512  OTU_311    16.33%    passed     78.25%
 513  OTU_730    16.67%    passed     98.12%
 514  OTU_431    16.33%    passed     93.53%
 515  OTU_695    16.33%    passed     91.93%
 516  OTU_84     16.33%    passed     97.29%
 517  OTU_280    16.33%    passed     97.22%
 518  OTU_157    16.33%    passed     77.59%
 519  OTU_527    16.33%    passed     93.03%
 520  OTU_640    16.33%    passed     91.15%
 521  OTU_798    16.33%    passed     69.44%
 522  OTU_518    16.33%    passed     69.34%
 523  OTU_442    16.33%    passed     92.52%
 524  OTU_473    16.33%    passed     53.14%
 525  OTU_991    16.33%    passed     74.85%
 526  OTU_878    16.33%    passed     86.04%
 527  OTU_363    16.33%    passed     99.91%
 528  OTU_1101   16.33%    passed     87.63%
 529  OTU_339    16.33%    passed     73.82%
 530  OTU_1074   16.33%    passed     67.34%
 531  OTU_1063   16.33%    passed     95.39%
 532  OTU_1120   16.33%    passed     93.22%
 533  OTU_1142   16.33%    passed     93.09%
 534  OTU_343    16.33%    passed     98.49%
 535  OTU_320    16.33%    passed     99.29%
 536  OTU_614    16.33%    passed     98.78%
 537  OTU_449    16.33%    passed     95.59%
 538  OTU_999    16.33%    passed     83.58%
 539  OTU_643    16.33%    passed     96.33%
 540  OTU_899    16.33%    passed     88.35%
 541  OTU_103    16.33%    passed     73.30%
 542  OTU_1186   16.33%    passed     59.49%
 543  OTU_800    16.33%    passed     98.46%
 544  OTU_342    16.33%    passed     84.77%
 545  OTU_474    16.33%    passed     99.31%
 546  OTU_887    16.33%    passed     98.04%
 547  OTU_951    16.33%    passed     91.20%
 548  OTU_1254   16.33%    passed     99.48%
 549  OTU_810    16.33%    passed     46.45%
 550  OTU_774    16.33%    passed     57.62%
 551  OTU_536    16.33%    passed     74.37%
 552  OTU_577    16.33%    passed     84.67%
 553  OTU_1174   16.33%    passed     89.47%
 554  OTU_426    16.33%    passed     86.10%
 555  OTU_563    16.33%    passed     81.44%
 556  OTU_99     16.33%    passed     99.33%
 557  OTU_562    16.33%    passed     89.67%
 558  OTU_781    16.33%    passed     80.44%
 559  OTU_100    16.33%    passed     84.58%
 560  OTU_1168   16.33%    passed     77.66%
 561  OTU_251    16.33%    passed     97.21%
 562  OTU_712    16.33%    passed     83.42%
 563  OTU_867    16.33%    passed     97.03%
 564  OTU_1028   16.33%    passed     84.14%
 565  OTU_768    16.33%    passed     99.33%
 566  OTU_1222   16.33%    passed     93.85%
 567  OTU_1082   16.33%    passed     97.03%
 568  OTU_507    16.33%    passed     80.26%
 569  OTU_44     16.00%    passed     96.81%
 570  OTU_272    16.33%    passed     95.04%
 571  OTU_779    16.33%    passed     85.92%
 572  OTU_740    16.33%    passed     94.01%
 573  OTU_608    16.33%    passed     94.04%
 574  OTU_1237   16.33%    passed     87.24%
 575  OTU_994    16.33%    passed     90.67%
 576  OTU_1152   16.33%    passed     98.04%
 577  OTU_708    16.33%    passed     99.19%
 578  OTU_461    16.33%    passed     93.79%
 579  OTU_304    16.33%    passed     90.23%
 580  OTU_572    16.33%    passed     97.03%
 581  OTU_267    16.33%    passed     70.49%
 582  OTU_1173   16.33%    passed     85.60%
 583  OTU_747    16.33%    passed     97.85%
 584  OTU_776    16.33%    passed     99.78%
 585  OTU_857    16.33%    passed     75.75%
 586  OTU_1221   16.33%    passed     93.22%
 587  OTU_564    16.33%    passed     97.11%
 588  OTU_116    16.33%    passed     82.25%
 589  OTU_1123   16.33%    passed     58.81%
 590  OTU_978    16.33%    passed     63.36%
 591  OTU_391    16.33%    passed     97.64%
 592  OTU_891    16.33%    passed     95.79%
 593  OTU_472    16.33%    passed     96.76%
 594  OTU_406    16.33%    passed     77.08%
 595  OTU_1187   16.33%    passed     87.40%
 596  OTU_698    16.33%    passed     63.61%
 597  OTU_1111   16.33%    passed     73.63%
 598  OTU_737    16.33%    passed     72.61%
 599  OTU_919    16.33%    passed     90.69%
 600  OTU_1194   16.33%    passed     57.36%
 601  OTU_590    16.33%    passed     73.66%
 602  OTU_624    16.33%    passed     78.12%
 603  OTU_513    16.33%    passed     76.72%
 604  OTU_794    16.33%    passed     87.34%
 605  OTU_854    16.33%    passed     91.11%
 606  OTU_499    16.33%    passed     59.50%
 607  OTU_625    16.33%    passed     79.55%
 608  OTU_1248   16.33%    passed     93.50%
 609  OTU_532    16.33%    passed     94.94%
 610  OTU_324    16.33%    passed     99.48%
 611  OTU_605    16.33%    passed     89.75%
 612  OTU_1099   16.33%    passed     89.72%
 613  OTU_490    16.33%    passed     88.51%
 614  OTU_203    16.33%    passed     71.27%
 615  OTU_234    16.33%    passed     92.60%
 616  OTU_187    16.33%    passed     93.55%
 617  OTU_620    16.33%    passed     99.14%
 618  OTU_277    16.33%    passed     99.54%
 619  OTU_206    16.00%    passed     71.83%
 620  OTU_733    16.33%    passed     82.45%
 621  OTU_912    16.33%    passed     53.46%
 622  OTU_381    16.00%    passed     45.79%
 623  OTU_466    16.33%    passed     66.36%
 624  OTU_611    16.33%    passed     99.59%
 625  OTU_456    16.33%    passed     97.00%
 626  OTU_217    16.33%    passed     94.64%
 627  OTU_1227   16.33%    passed     57.26%
 628  OTU_63     16.33%    passed     46.47%
 629  OTU_93     16.33%    passed     93.69%
 630  OTU_494    16.33%    passed     59.69%
 631  OTU_35     16.33%    passed     52.48%
 632  OTU_631    16.33%    passed     11.25%
 633  OTU_505    16.33%    passed     20.89%
 634  OTU_52     16.33%    passed     28.35%
 635  OTU_107    16.33%    passed     26.47%
 636  OTU_172    16.33%    passed     98.30%
 637  OTU_429    16.33%    passed     35.80%
 638  OTU_53     16.00%    passed     21.04%
 639  OTU_362    16.33%    passed     98.46%
 640  OTU_1161   16.33%    passed     91.53%
 641  OTU_171    16.33%    passed     84.05%
 642  OTU_765    16.33%    passed     89.72%
 643  OTU_929    16.33%    passed     93.37%
 644  OTU_124    16.33%    passed     89.86%
 645  OTU_571    16.33%    passed     87.28%
 646  OTU_368    16.33%    passed     99.55%
 647  OTU_286    16.33%    passed     73.82%
 648  OTU_1235   16.33%    passed     77.76%
 649  OTU_81     16.33%    passed     57.42%
 650  OTU_148    16.33%    passed     95.79%
 651  OTU_687    16.33%    passed     96.51%
 652  OTU_180    16.33%    passed     54.59%
 653  OTU_285    16.33%    passed     88.28%
 654  OTU_792    16.33%    passed     81.89%
 655  OTU_165    16.33%    passed     81.89%
 656  OTU_399    16.33%    passed     89.86%
 657  OTU_379    16.33%    passed     92.51%
 658  OTU_413    16.33%    passed     48.94%
 659  OTU_97     16.33%    passed     24.55%
 660  OTU_569    16.33%    passed     30.41%
 661  OTU_221    16.33%    passed     34.15%
 662  OTU_252    16.33%    passed     46.47%
 663  OTU_1239   16.33%    passed     65.42%
 664  OTU_228    16.33%    passed     84.89%
 665  OTU_453    16.33%    passed     50.14%
 666  OTU_237    16.33%    passed     75.32%
 667  OTU_264    16.33%    passed     92.16%
 668  OTU_17     16.00%    passed     87.49%
 669  OTU_158    16.33%    passed     70.15%
 670  OTU_114    16.33%    passed     96.33%
 671  OTU_169    16.33%    passed     96.05%
 672  OTU_120    16.33%    passed     93.50%
 673  OTU_23     16.33%    passed     99.29%
 674  OTU_302    16.33%    passed     99.33%
 675  OTU_535    16.33%    passed     76.75%
 676  OTU_288    16.33%    passed     79.33%
 677  OTU_245    16.33%    passed     63.83%
 678  OTU_2      16.00%    passed     43.31%
 679  OTU_433    16.33%    passed     95.01%
 680  OTU_188    16.33%    passed     90.69%
 681  OTU_1031   16.33%    passed     93.02%
 682  OTU_1233   16.33%    passed     84.77%
 683  OTU_486    16.33%    passed     44.58%
 684  OTU_980    16.00%    passed     56.52%
 685  OTU_971    16.33%    passed     64.18%
 686  OTU_6      16.00%    passed      7.68%
 687  OTU_523    16.33%    passed     37.62%
 688  OTU_883    16.33%    passed     99.29%
 689  OTU_575    16.33%    passed     94.01%
 690  OTU_1012   16.33%    passed     95.59%
 691  OTU_676    16.33%    passed     64.62%
 692  OTU_82     16.33%    passed     99.60%
 693  OTU_1157   16.33%    passed     91.11%
 694  OTU_268    16.33%    passed     63.08%
 695  OTU_582    16.33%    passed     64.06%
 696  OTU_10     16.00%    passed     72.05%
 697  OTU_502    16.33%    passed     56.21%
 698  OTU_833    16.33%    passed     23.56%
 699  OTU_641    16.33%    passed      9.65%
 700  OTU_655    16.33%    passed     20.98%
 701  OTU_1175   16.67%    passed     45.82%
 702  OTU_1081   16.00%    passed     19.15%
 703  OTU_1017   16.33%    passed     74.66%
 704  OTU_674    16.67%    passed     68.46%
 705  OTU_1153   16.67%    passed      8.12%
 706  OTU_537    16.33%    passed     99.88%
 707  OTU_259    16.00%    passed     87.83%
 708  OTU_191    16.33%    passed     78.25%
 709  OTU_260    16.33%    failed      2.77%
 710  OTU_1129   16.67%    passed     66.72%
 711  OTU_61     16.33%    passed     72.12%
 712  OTU_920    16.67%    passed     34.80%
 713  OTU_1145   16.33%    passed     68.27%
 714  OTU_817    16.33%    passed     79.75%
 715  OTU_1      16.00%    passed     31.64%
 716  OTU_218    16.33%    passed     31.06%
 717  OTU_1067   16.67%    passed     96.29%
 718  OTU_942    16.67%    passed     85.52%
 719  OTU_679    16.33%    passed     29.01%
 720  OTU_177    16.33%    passed     36.41%
 721  OTU_420    16.33%    passed     80.44%
 722  OTU_305    16.33%    passed     75.99%
 723  OTU_1246   16.33%    passed     97.00%
 724  OTU_844    16.33%    passed     99.60%
 725  OTU_726    16.33%    passed     84.05%
 726  OTU_916    16.33%    passed     83.75%
 727  OTU_623    16.33%    passed     56.14%
 728  OTU_290    16.33%    passed     89.38%
 729  OTU_989    16.67%    passed     76.07%
 730  OTU_732    16.33%    passed     97.03%
 731  OTU_154    16.33%    passed     52.67%
 732  OTU_1088   16.33%    passed     73.99%
 733  OTU_511    16.33%    passed     89.42%
 734  OTU_457    16.33%    passed     97.22%
 735  OTU_450    16.33%    passed     85.96%
 736  OTU_651    16.33%    passed     96.33%
 737  OTU_863    16.33%    passed     96.69%
 738  OTU_1026   16.33%    passed     97.71%
 739  OTU_273    16.33%    passed     98.78%
 740  OTU_1070   16.33%    passed     81.10%
 741  OTU_514    16.67%    passed     33.52%
 742  OTU_710    16.33%    passed     73.25%
 743  OTU_966    16.67%    passed     85.34%
 744  OTU_735    16.67%    passed     88.68%
 745  OTU_373    16.33%    passed     67.40%
 746  OTU_894    16.67%    passed     85.34%
 747  OTU_541    16.67%    passed     73.94%
 748  OTU_1030   16.67%    passed     37.74%
 749  OTU_928    16.67%    passed     73.94%
 750  OTU_417    16.67%    passed     85.34%
 751  OTU_185    16.67%    passed     84.42%
 752  OTU_31     16.33%    passed     91.56%
 753  OTU_170    16.67%    passed     80.79%
 754  OTU_295    16.67%    passed     81.00%
 755  OTU_1131   16.67%    passed     68.34%
 756  OTU_984    16.67%    passed     87.76%
 757  OTU_1027   16.67%    passed     85.71%
 758  OTU_612    16.67%    passed     70.98%
 759  OTU_930    16.67%    passed     77.37%
 760  OTU_578    16.33%    passed     65.35%
 761  OTU_1211   16.33%    passed     69.36%
 762  OTU_580    16.33%    passed     92.18%
 763  OTU_754    16.33%    passed     82.67%
 764  OTU_1172   16.33%    passed     42.86%
 765  OTU_762    16.33%    passed     87.88%
 766  OTU_767    16.33%    passed     54.50%
 767  OTU_840    16.33%    passed     67.92%
 768  OTU_255    16.33%    passed     54.50%
 769  OTU_1150   16.33%    passed     90.11%
 770  OTU_419    16.33%    passed     45.43%
 771  OTU_152    16.33%    passed     54.69%
 772  OTU_941    16.33%    passed     67.92%
 773  OTU_802    16.33%    passed     85.65%
 774  OTU_1167   16.33%    passed     89.13%
 775  OTU_322    16.33%    passed     84.12%
 776  OTU_1003   16.33%    passed     71.78%
 777  OTU_1010   16.33%    passed     98.15%
 778  OTU_914    16.33%    passed     84.75%
 779  OTU_1230   16.33%    passed     71.22%
 780  OTU_213    16.33%    passed     98.59%
 781  OTU_1241   16.33%    passed     70.15%
 782  OTU_897    16.33%    passed     63.84%
 783  OTU_628    16.33%    passed     94.41%
 784  OTU_561    16.33%    passed     90.24%
 785  OTU_138    16.33%    passed     78.37%
 786  OTU_319    16.33%    passed     88.16%
 787  OTU_815    16.33%    passed     77.08%
 788  OTU_463    16.33%    passed     22.73%
 789  OTU_943    16.33%    passed     92.36%
 790  OTU_905    16.33%    passed     88.75%
 791  OTU_508    16.33%    passed     92.36%
 792  OTU_895    16.33%    passed     41.83%
 793  OTU_1089   16.33%    passed     56.71%
 794  OTU_270    16.33%    passed     64.84%
 795  OTU_1165   16.33%    passed     95.87%
 796  OTU_1162   16.33%    passed     94.07%
 797  OTU_586    16.33%    passed     89.67%
 798  OTU_1205   16.33%    passed     92.67%
 799  OTU_333    16.33%    passed     77.38%
 800  OTU_1117   16.33%    passed     44.92%
 801  OTU_719    16.33%    passed     66.59%
 802  OTU_636    16.33%    passed     86.63%
 803  OTU_483    16.33%    passed     87.20%
 804  OTU_913    16.33%    passed     76.92%
 805  OTU_330    16.33%    passed     91.41%
 806  OTU_425    16.33%    passed     88.25%
 807  OTU_365    16.33%    passed     97.96%
 808  OTU_68     16.33%    passed     54.21%
 809  OTU_1196   16.00%    passed     91.24%
 810  OTU_134    16.33%    passed     28.05%
 811  OTU_385    16.33%    passed     45.65%
 812  OTU_471    16.33%    passed     65.01%
 813  OTU_230    16.33%    passed     24.06%
 814  OTU_345    16.33%    passed     37.02%
 815  OTU_430    16.33%    passed     83.42%
 816  OTU_303    16.33%    passed     95.83%
 817  OTU_77     16.33%    passed     64.69%
 818  OTU_885    16.33%    passed     85.96%
 819  OTU_135    16.33%    passed     99.43%
 820  OTU_244    16.33%    passed     68.67%
 821  OTU_18     16.33%    passed     83.42%
 822  OTU_596    16.33%    passed     86.00%
 823  OTU_704    16.33%    passed     94.99%
 824  OTU_1223   16.33%    passed     96.65%
 825  OTU_392    16.00%    passed     22.72%
 826  OTU_355    16.33%    passed     96.60%
 827  OTU_521    16.33%    passed     51.05%
 828  OTU_235    16.33%    passed     76.51%
 829  OTU_907    16.33%    passed     61.39%
 830  OTU_15     16.33%    passed     86.64%
 831  OTU_249    16.33%    passed     95.26%
 832  OTU_350    16.33%    passed     81.16%
 833  OTU_127    16.33%    passed     69.02%
 834  OTU_714    16.33%    passed     96.78%
 835  OTU_839    16.33%    passed     97.16%
 836  OTU_447    16.33%    passed     95.18%
 837  OTU_557    16.33%    passed     89.72%
 838  OTU_1110   16.33%    passed     77.78%
 839  OTU_713    16.33%    passed     98.39%
 840  OTU_257    16.33%    passed     96.60%
 841  OTU_186    16.00%    passed     96.81%
 842  OTU_862    16.33%    passed     70.30%
 843  OTU_1198   16.33%    passed     89.82%
 844  OTU_357    16.33%    passed     84.53%
 845  OTU_667    16.33%    passed     91.42%
 846  OTU_88     16.33%    passed     92.10%
 847  OTU_489    16.33%    passed     95.67%
 848  OTU_954    16.33%    passed     86.90%
 849  OTU_446    16.33%    passed     90.57%
 850  OTU_812    16.33%    passed     37.82%
 851  OTU_175    16.33%    passed     73.93%
 852  OTU_145    16.00%    passed     28.59%
 853  OTU_1005   16.33%    passed     22.68%
 854  OTU_1046   16.33%    passed     32.17%
 855  OTU_141    16.33%    passed     40.50%
 856  OTU_198    16.33%    passed     93.22%
 857  OTU_1207   16.33%    passed     13.73%
 858  OTU_804    16.33%    passed     80.99%
 859  OTU_910    16.33%    failed      0.40%
 860  OTU_491    16.33%    passed     98.68%
 861  OTU_504    16.33%    passed     86.37%
 862  OTU_1100   16.33%    passed     88.06%
 863  OTU_1107   16.33%    passed     91.11%
 864  OTU_201    16.33%    passed     59.90%
 865  OTU_1243   16.33%    passed      9.05%
 866  OTU_1190   16.33%    failed      2.55%
 867  OTU_772    16.33%    passed     81.72%
 868  OTU_1216   16.33%    passed     70.83%
 869  OTU_479    16.33%    passed     68.65%
 870  OTU_716    16.33%    passed     64.11%
 871  OTU_344    16.33%    passed     35.80%
 872  OTU_119    16.33%    passed     24.21%
 873  OTU_972    16.33%    passed     70.30%
 874  OTU_850    16.33%    passed     27.35%
 875  OTU_860    16.33%    passed     91.11%
 876  OTU_246    16.33%    passed     99.46%
 877  OTU_86     16.00%    passed     52.71%
 878  OTU_1201   16.33%    passed     88.74%
 879  OTU_653    16.00%    passed     85.40%
 880  OTU_697    16.33%    passed      6.34%
 881  OTU_337    16.33%    passed     59.77%
 882  OTU_1102   16.33%    passed     93.00%
 883  OTU_925    16.33%    passed     97.07%
 884  OTU_797    16.33%    passed     11.68%
 885  OTU_736    16.33%    passed     69.58%
 886  OTU_224    16.33%    passed     92.27%
 887  OTU_652    16.33%    passed     93.01%
 888  OTU_858    16.33%    passed     80.99%
 889  OTU_824    16.33%    passed     56.01%
 890  OTU_1076   16.33%    passed     80.63%
 891  OTU_307    16.33%    passed     86.52%
 892  OTU_926    16.33%    passed     89.27%
 893  OTU_995    16.33%    passed     64.37%
 894  OTU_760    16.33%    passed     57.58%
 895  OTU_498    16.33%    passed     22.82%
 896  OTU_341    16.33%    passed     42.21%
 897  OTU_931    16.33%    passed     96.33%
 898  OTU_1179   16.33%    passed     95.28%
 899  OTU_962    16.33%    passed     32.92%
 900  OTU_1038   16.33%    passed     97.21%
 901  OTU_421    16.33%    passed     99.60%
 902  OTU_1113   16.33%    passed     94.74%
 903  OTU_1085   16.33%    passed     96.32%
 904  OTU_520    16.33%    passed     96.47%
 905  OTU_496    16.33%    passed     95.59%
 906  OTU_701    16.33%    passed     53.86%
 907  OTU_881    16.33%    passed     74.30%
 908  OTU_312    16.33%    passed     99.03%
 909  OTU_316    16.33%    passed     72.54%
 910  OTU_1155   16.33%    passed     75.49%
 911  OTU_1079   16.33%    passed     65.71%
 912  OTU_1219   16.33%    passed     89.86%
 913  OTU_707    16.33%    passed     88.49%
 914  OTU_1164   16.33%    passed     57.26%
 915  OTU_1058   16.33%    passed     88.75%
 916  OTU_759    16.33%    passed     67.43%
 917  OTU_787    16.00%    passed     88.36%
 918  OTU_555    16.33%    passed     77.87%
 919  OTU_361    16.33%    passed     98.08%
 920  OTU_1184   16.33%    passed     88.25%
 921  OTU_484    16.33%    passed     94.52%
 922  OTU_936    16.33%    passed     96.10%
 923  OTU_468    16.33%    passed     97.78%
 924  OTU_587    16.33%    passed     83.78%
 925  OTU_223    16.33%    passed     87.47%
 926  OTU_395    16.33%    passed     93.00%
 927  OTU_323    16.33%    passed     93.09%
 928  OTU_80     16.33%    passed     98.15%
 929  OTU_1004   16.33%    passed     88.80%
 930  OTU_543    16.33%    passed     93.75%
 931  OTU_1229   16.33%    passed     98.66%
 932  OTU_510    16.33%    passed     98.26%
 933  OTU_229    16.33%    passed     89.72%
 934  OTU_579    16.33%    passed     97.47%
 935  OTU_458    16.33%    passed     80.22%
 936  OTU_615    16.33%    passed     93.29%
 937  OTU_673    16.33%    passed     87.40%
 938  OTU_315    16.33%    passed     93.96%
 939  OTU_979    16.33%    passed     84.69%
 940  OTU_475    16.33%    passed     89.42%
 941  OTU_678    16.33%    passed     75.73%
 942  OTU_1018   16.33%    passed     89.92%
 943  OTU_786    16.33%    passed     99.51%
 944  OTU_601    16.33%    passed     88.33%
 945  OTU_441    16.33%    passed     92.75%
 946  OTU_785    16.33%    passed     97.47%
 947  OTU_292    16.33%    passed     99.78%
 948  OTU_799    16.33%    passed     85.51%
 949  OTU_146    16.33%    passed     97.47%
 950  OTU_952    16.33%    passed     77.10%
 951  OTU_939    16.33%    passed     86.60%
 952  OTU_227    16.33%    passed     97.03%
 953  OTU_932    16.33%    passed     84.75%
 954  OTU_1126   16.33%    passed     87.47%
 955  OTU_766    16.33%    passed     90.57%
 956  OTU_805    16.33%    passed     79.39%
 957  OTU_927    16.33%    passed     98.46%
 958  OTU_465    16.33%    passed     99.86%
 959  OTU_1007   16.33%    passed     93.90%
 960  OTU_565    16.33%    passed     91.34%
 961  OTU_822    16.33%    passed     89.92%
 962  OTU_1055   16.33%    passed     96.41%
 963  OTU_1134   16.33%    passed     86.83%
 964  OTU_200    16.33%    passed     91.55%
 965  OTU_1182   16.33%    passed     79.39%
 966  OTU_1068   16.33%    passed     98.19%
 967  OTU_689    16.33%    passed     99.86%
 968  OTU_412    16.33%    passed     99.86%
 969  OTU_331    16.33%    passed     99.88%
 970  OTU_327    16.33%    passed     99.91%
 971  OTU_423    16.33%    passed     97.01%
 972  OTU_517    16.33%    passed     96.92%
 973  OTU_893    16.33%    passed     90.09%
 974  OTU_73     16.33%    passed     81.96%
 975  OTU_452    16.33%    passed     96.98%
 976  OTU_657    16.33%    passed     99.55%
 977  OTU_607    16.33%    passed     96.76%
 978  OTU_306    16.33%    passed     98.23%
 979  OTU_393    16.33%    passed     99.78%
 980  OTU_501    16.33%    passed     76.56%
 981  OTU_669    16.33%    passed     95.01%
 982  OTU_22     11.00%    passed     50.15%
 983  OTU_1192   16.33%    passed     93.29%
 984  OTU_59     16.33%    passed     96.80%
 985  OTU_464    16.33%    passed     98.67%
 986  OTU_7      16.00%    passed     99.83%
 987  OTU_9      16.33%    passed     99.54%
 988  OTU_534    16.00%    passed     83.74%
 989  OTU_50     16.33%    passed     73.33%
 990  OTU_241    16.33%    passed     63.69%
 991  OTU_1112   16.33%    passed     98.25%
 992  OTU_1171   16.33%    passed     95.38%
 993  OTU_289    16.33%    passed     91.42%
 994  OTU_181    16.33%    passed     95.79%
 995  OTU_1242   16.33%    passed     95.69%
 996  OTU_898    16.00%    passed     58.94%
 997  OTU_671    16.33%    failed      1.09%
 998  OTU_11     16.00%    passed     74.41%
 999  OTU_526    16.33%    passed     94.40%
1000  OTU_1202   16.33%    passed     55.94%
1001  OTU_193    16.33%    passed     86.23%
1002  OTU_231    16.67%    passed     41.46%
1003  OTU_533    16.67%    passed     71.01%
1004  OTU_801    16.00%    passed     45.16%
1005  OTU_49     16.00%    passed     94.97%
1006  OTU_902    16.00%    passed     98.30%
1007  OTU_1133   16.00%    passed     61.26%
1008  OTU_512    16.00%    passed     91.02%
1009  OTU_404    16.00%    passed     92.05%
1010  OTU_297    16.00%    passed     93.99%
1011  OTU_110    16.00%    passed     71.81%
1012  OTU_756    16.00%    passed     83.41%
1013  OTU_205    16.00%    passed     25.70%
1014  OTU_1108   16.00%    passed     28.30%
1015  OTU_43     16.00%    passed     16.86%
1016  OTU_1140   16.33%    passed     14.22%
1017  OTU_128    16.33%    passed     62.16%
1018  OTU_121    16.00%    passed     97.78%
1019  OTU_258    16.00%    passed     17.16%
1020  OTU_40     16.00%    passed     46.82%
1021  OTU_256    16.33%    passed     83.49%
1022  OTU_274    16.33%    passed     93.47%
1023  OTU_178    16.33%    passed     25.74%
1024  OTU_823    16.33%    passed     40.06%
1025  OTU_440    16.00%    passed     98.59%
1026  OTU_8      16.00%    passed     52.03%
1027  OTU_842    16.33%    passed     75.11%
1028  OTU_727    16.33%    passed     34.87%
1029  OTU_837    16.33%    passed     65.01%
1030  OTU_1130   16.33%    passed     24.99%
1031  OTU_1252   16.33%    passed     20.22%
1032  OTU_795    16.33%    failed      4.26%
1033  OTU_1240   16.33%    passed     96.23%
1034  OTU_868    16.33%    passed     21.33%
1035  OTU_1124   16.33%    failed      1.58%
1036  OTU_1078   16.33%    failed      3.43%
1037  OTU_711    16.33%    passed     82.18%
1038  OTU_771    16.33%    passed     96.51%
1039  OTU_906    16.33%    passed     34.40%
1040  OTU_1059   16.33%    passed     67.56%
1041  OTU_1053   16.00%    passed     42.54%
1042  OTU_4      15.67%    passed     68.80%
1043  OTU_983    16.33%    passed     29.56%
1044  OTU_1200   16.33%    passed     64.20%
1045  OTU_841    16.00%    passed     61.82%
1046  OTU_644    16.33%    passed     88.49%
1047  OTU_602    16.33%    passed     55.83%
1048  OTU_873    16.00%    passed     31.72%
1049  OTU_583    16.00%    passed     27.83%
1050  OTU_338    16.33%    passed     49.23%
1051  OTU_1064   16.33%    passed     44.68%
1052  OTU_629    16.33%    passed     23.75%
1053  OTU_497    16.00%    passed     59.21%
1054  OTU_748    16.33%    passed     23.63%
1055  OTU_1121   16.33%    passed     33.02%
1056  OTU_662    16.33%    passed     54.71%
1057  OTU_54     16.33%    passed     81.43%
1058  OTU_635    16.33%    passed     35.84%
1059  OTU_997    16.33%    passed     43.52%
1060  OTU_937    16.33%    passed     67.44%
1061  OTU_1066   16.33%    passed     81.96%
1062  OTU_1050   16.33%    passed     86.52%
1063  OTU_852    16.33%    passed     58.00%
1064  OTU_855    16.33%    passed     39.80%
1065  OTU_960    16.33%    passed     86.00%
1066  OTU_1065   16.33%    passed     39.41%
1067  OTU_974    16.33%    passed     88.49%
1068  OTU_959    16.33%    passed     57.18%
1069  OTU_1218   16.33%    passed     56.30%
1070  OTU_796    16.33%    passed     40.50%
1071  OTU_500    16.33%    passed     71.39%
1072  OTU_1103   16.33%    passed     81.96%
1073  OTU_988    16.33%    passed     62.13%
1074  OTU_1158   16.33%    passed     81.96%
1075  OTU_909    16.00%    passed     52.79%
1076  OTU_1083   16.33%    passed     57.20%
1077  OTU_1245   16.33%    passed     67.71%
1078  OTU_225    16.33%    passed     84.34%
1079  OTU_271    16.33%    passed     84.34%
1080  OTU_917    16.33%    passed     95.01%
1081  OTU_1135   16.33%    passed     62.16%
1082  OTU_42     16.33%    passed     77.71%
1083  OTU_1090   16.33%    passed     38.70%
1084  OTU_247    16.33%    passed     92.07%
1085  OTU_300    16.33%    passed     88.49%
1086  OTU_738    16.33%    passed     58.35%
1087  OTU_282    16.33%    passed     83.82%
1088  OTU_150    16.00%    passed     98.82%
1089  OTU_459    16.33%    passed     87.21%
1090  OTU_28     16.33%    passed     60.33%
1091  OTU_1148   16.33%    passed     77.73%
1092  OTU_219    16.33%    passed     84.75%
1093  OTU_632    16.33%    passed     96.35%
1094  OTU_348    16.33%    failed      2.44%
1095  OTU_112    16.33%    passed     22.74%
1096  OTU_666    16.33%    passed     90.46%
1097  OTU_437    16.33%    passed     95.84%
1098  OTU_1109   16.33%    passed     89.49%
1099  OTU_356    16.33%    passed     51.71%
1100  OTU_1177   16.33%    passed     93.21%
1101  OTU_1220   16.33%    passed     76.48%
1102  OTU_1137   16.33%    passed     83.72%
1103  OTU_1086   16.67%    passed     65.95%
1104  OTU_509    16.33%    passed     70.34%
1105  OTU_637    16.33%    passed     93.19%
1106  OTU_168    16.00%    passed     30.01%
1107  OTU_987    16.33%    passed     65.14%
1108  OTU_409    16.33%    passed     11.38%
1109  OTU_1156   16.33%    passed     24.06%
1110  OTU_1036   16.33%    passed     78.25%
1111  OTU_370    16.67%    passed     31.13%
1112  OTU_1080   16.67%    passed     53.31%
1113  OTU_215    16.33%    passed     43.23%
1114  OTU_864    16.33%    passed     99.78%
1115  OTU_545    16.33%    passed     14.32%
1116  OTU_184    16.33%    passed     77.71%
1117  OTU_1069   16.33%    passed     77.13%
1118  OTU_1071   16.33%    passed     67.81%
1119  OTU_1144   16.67%    passed     72.82%
1120  OTU_849    16.33%    passed     16.53%
1121  OTU_1128   16.33%    failed      0.09%
1122  OTU_1166   16.33%    passed     16.53%
1123  OTU_731    16.33%    passed     48.46%
1124  OTU_405    16.33%    passed     37.52%
1125  OTU_1039   16.33%    passed     99.41%
1126  OTU_47     16.33%    passed     61.99%
1127  OTU_233    16.33%    passed     56.64%
1128  OTU_574    16.33%    passed     70.56%
1129  OTU_389    16.33%    passed     72.73%
1130  OTU_618    16.67%    passed     65.89%
1131  OTU_896    16.67%    passed     93.84%
1132  OTU_109    16.00%    passed     15.33%
1133  OTU_650    16.33%    passed     69.45%
1134  OTU_531    16.67%    passed     85.67%
1135  OTU_621    16.67%    passed     66.82%
1136  OTU_1176   16.67%    passed     92.10%
1137  OTU_770    16.33%    passed     72.32%
1138  OTU_830    16.33%    passed     77.71%
1139  OTU_940    16.33%    failed      2.47%
1140  OTU_911    16.33%    passed     98.17%
1141  OTU_488    16.67%    passed     99.84%
1142  OTU_538    16.67%    passed     89.49%
1143  OTU_309    16.67%    passed     81.26%
1144  OTU_1060   16.67%    passed     49.04%
1145  OTU_838    16.33%    passed     56.62%
1146  OTU_1084   16.33%    passed      8.47%
1147  OTU_1127   16.33%    passed     11.16%
1148  OTU_604    16.33%    passed     59.77%
1149  OTU_924    16.33%    passed     49.84%
1150  OTU_600    16.33%    passed     18.29%
1151  OTU_744    16.33%    passed     70.98%
1152  OTU_568    16.33%    passed     99.04%
1153  OTU_884    16.33%    passed     98.46%
1154  OTU_826    16.33%    passed     98.46%
1155  OTU_1009   16.33%    passed     92.33%
1156  OTU_1094   16.33%    passed     79.25%
1157  OTU_402    16.33%    passed     79.39%
1158  OTU_964    16.33%    passed     40.47%
1159  OTU_519    16.33%    passed     20.16%
1160  OTU_546    16.33%    passed     76.80%
1161  OTU_890    16.33%    passed     57.18%
1162  OTU_908    16.33%    passed     90.67%
1163  OTU_1139   16.33%    passed     96.35%
1164  OTU_424    16.33%    passed     98.49%
1165  OTU_1206   16.33%    passed     87.26%
1166  OTU_684    16.33%    passed     98.49%
1167  OTU_622    16.33%    passed     98.49%
1168  OTU_806    16.33%    passed     96.68%
1169  OTU_882    16.33%    passed     99.19%
1170  OTU_487    16.33%    passed     99.13%
1171  OTU_567    16.33%    passed     90.11%
1172  OTU_460    16.33%    passed     98.13%
1173  OTU_65     16.33%    passed     98.49%
1174  OTU_945    16.33%    passed     98.78%
1175  OTU_1146   16.33%    passed     99.13%
1176  OTU_326    16.33%    passed     98.49%
1177  OTU_313    16.33%    passed     95.23%
1178  OTU_328    16.33%    passed     97.11%
1179  OTU_131    16.00%    failed      0.43%
1180  OTU_349    15.67%    passed     19.64%
1181  OTU_155    16.33%    passed     81.29%
1182  OTU_1132   16.00%    passed      7.89%
1183  OTU_296    16.00%    passed     24.99%
1184  OTU_646    16.00%    passed     77.72%
1185  OTU_369    16.00%    passed     79.86%
1186  OTU_665    16.33%    passed     13.99%
1187  OTU_1077   16.33%    passed     59.28%
1188  OTU_886    16.33%    passed     29.18%
1189  OTU_33     16.33%    passed     44.13%
1190  OTU_25     16.33%    passed     73.58%
1191  OTU_1032   16.33%    passed     44.62%
1192  OTU_1020   16.00%    failed      3.37%
1193  OTU_1092   16.00%    failed      1.48%
1194  OTU_151    15.33%    passed     60.15%
1195  OTU_751    16.00%    passed     65.55%
1196  OTU_435    16.00%    passed     85.71%
1197  OTU_340    16.33%    passed     78.07%
1198  OTU_722    16.00%    passed     75.29%
1199  OTU_609    16.33%    passed     63.69%
1200  OTU_592    16.00%    failed      1.80%
1201  OTU_58     16.33%    passed     36.87%
1202  OTU_29     16.00%    passed     43.20%
1203  OTU_1212   16.00%    passed     42.64%
1204  OTU_691    16.33%    passed     69.61%
1205  OTU_46     16.33%    passed     64.38%
1206  OTU_232    16.00%    passed     67.86%
1207  OTU_955    16.00%    passed     53.02%
1208  OTU_834    15.67%    passed     20.43%
1209  OTU_71     16.00%    passed     60.25%
1210  OTU_1181   16.33%    passed     31.53%
1211  OTU_364    16.33%    passed     18.45%
1212  OTU_359    16.33%    passed     37.74%
1213  OTU_585    16.33%    passed     63.51%
1214  OTU_89     16.33%    passed     42.67%
1215  OTU_183    16.00%    passed     22.21%
1216  OTU_566    16.00%    passed     48.39%
1217  OTU_354    16.00%    passed     60.85%
1218  OTU_279    16.00%    passed     74.95%
1219  OTU_996    16.00%    passed     37.54%
1220  OTU_1236   16.00%    passed     55.91%
1221  OTU_414    16.00%    passed     21.02%
1222  OTU_1054   16.00%    passed     43.81%
1223  OTU_633    16.00%    passed     50.54%
1224  OTU_1024   16.00%    passed     54.10%
1225  OTU_503    16.00%    passed     62.32%
****  TOTAL      16.31%  39 sequences failed composition chi2 test (p-value<5%; df=3)

Create initial parsimony tree by phylogenetic likelihood library (PLL)... 0.291 seconds
Generating 1000 samples for ultrafast bootstrap (seed: 624738)...

NOTE: 46 MB RAM (0 GB) is required!
WARNING: Number of threads seems too high for short alignments. Use -T AUTO to determine best number of threads.
Estimate model parameters (epsilon = 0.100)
1. Initial log-likelihood: -106354.478
2. Current log-likelihood: -100949.099
3. Current log-likelihood: -100797.120
4. Current log-likelihood: -100777.772
Optimal log-likelihood: -100777.681
Rate parameters:  A-C: 0.71538  A-G: 2.34641  A-T: 1.48817  C-G: 0.52995  C-T: 4.13754  G-T: 1.00000
Base frequencies:  A: 0.261  C: 0.189  G: 0.348  T: 0.202
Gamma shape alpha: 0.669
Parameters optimization took 4 rounds (3.505 sec)
Computing ML distances based on estimated model parameters...
Computing ML distances took 0.998192 sec (of wall-clock time) 23.494545 sec(of CPU time)
Computing RapidNJ tree took 0.458652 sec (of wall-clock time) 4.713938 sec (of CPU time)
Log-likelihood of RapidNJ tree: -101334.373
--------------------------------------------------------------------
|             INITIALIZING CANDIDATE TREE SET                      |
--------------------------------------------------------------------
Generating 98 parsimony trees... 26.458 second
Computing log-likelihood of 98 initial trees ... 29.920 seconds
Current best score: -100777.681

Do NNI search on 20 best initial trees
Estimate model parameters (epsilon = 0.100)
BETTER TREE FOUND at iteration 1: -100243.070
Estimate model parameters (epsilon = 0.100)
BETTER TREE FOUND at iteration 2: -100175.674
Iteration 10 / LogL: -100368.054 / Time: 0h:5m:31s
Estimate model parameters (epsilon = 0.100)
BETTER TREE FOUND at iteration 18: -99883.580
Iteration 20 / LogL: -100334.219 / Time: 0h:10m:14s
Finish initializing candidate tree set (20)
Current best tree score: -99883.580 / CPU time: 604.111
Number of iterations: 20
--------------------------------------------------------------------
|               OPTIMIZING CANDIDATE TREE SET                      |
--------------------------------------------------------------------
Estimate model parameters (epsilon = 0.100)
BETTER TREE FOUND at iteration 22: -99662.518
Iteration 30 / LogL: -99888.337 / Time: 0h:12m:52s (0h:40m:49s left)
Estimate model parameters (epsilon = 0.100)
BETTER TREE FOUND at iteration 31: -99655.492
Estimate model parameters (epsilon = 0.100)
BETTER TREE FOUND at iteration 33: -99507.504
Estimate model parameters (epsilon = 0.100)
BETTER TREE FOUND at iteration 34: -99501.918
Estimate model parameters (epsilon = 0.100)
BETTER TREE FOUND at iteration 36: -99488.838
Estimate model parameters (epsilon = 0.100)
BETTER TREE FOUND at iteration 37: -99430.603
Estimate model parameters (epsilon = 0.100)
BETTER TREE FOUND at iteration 38: -99394.522
Iteration 40 / LogL: -99436.047 / Time: 0h:16m:0s (0h:40m:11s left)
Estimate model parameters (epsilon = 0.100)
BETTER TREE FOUND at iteration 41: -99388.360
Estimate model parameters (epsilon = 0.100)
BETTER TREE FOUND at iteration 45: -99367.326
Estimate model parameters (epsilon = 0.100)
BETTER TREE FOUND at iteration 47: -99340.404
Iteration 50 / LogL: -99377.043 / Time: 0h:19m:10s (0h:37m:56s left)
Log-likelihood cutoff on original alignment: -99898.055
Estimate model parameters (epsilon = 0.100)
BETTER TREE FOUND at iteration 51: -99288.582
Estimate model parameters (epsilon = 0.100)
BETTER TREE FOUND at iteration 56: -99281.437
Estimate model parameters (epsilon = 0.100)
BETTER TREE FOUND at iteration 57: -99254.567
Estimate model parameters (epsilon = 0.100)
BETTER TREE FOUND at iteration 58: -99243.214
Iteration 60 / LogL: -99303.310 / Time: 0h:22m:33s (0h:37m:27s left)
Iteration 70 / LogL: -99308.788 / Time: 0h:25m:41s (0h:32m:45s left)
Estimate model parameters (epsilon = 0.100)
BETTER TREE FOUND at iteration 73: -99228.949
Iteration 80 / LogL: -99282.448 / Time: 0h:28m:39s (0h:33m:43s left)
Estimate model parameters (epsilon = 0.100)
BETTER TREE FOUND at iteration 84: -99226.595
Estimate model parameters (epsilon = 0.100)
BETTER TREE FOUND at iteration 85: -99221.879
Estimate model parameters (epsilon = 0.100)
BETTER TREE FOUND at iteration 86: -99175.993
Iteration 90 / LogL: -99187.751 / Time: 0h:31m:18s (0h:33m:45s left)
Estimate model parameters (epsilon = 0.100)
BETTER TREE FOUND at iteration 94: -99168.958
Estimate model parameters (epsilon = 0.100)
BETTER TREE FOUND at iteration 100: -99143.680
Iteration 100 / LogL: -99143.680 / Time: 0h:34m:37s (0h:34m:57s left)
Log-likelihood cutoff on original alignment: -99859.720
NOTE: Bootstrap correlation coefficient of split occurrence frequencies: 0.812
NOTE: UFBoot does not converge, continue at least 100 more iterations
Iteration 110 / LogL: -99214.041 / Time: 0h:37m:41s (0h:31m:6s left)
Estimate model parameters (epsilon = 0.100)
BETTER TREE FOUND at iteration 117: -99130.505
Iteration 120 / LogL: -99165.978 / Time: 0h:40m:39s (0h:33m:7s left)
Estimate model parameters (epsilon = 0.100)
BETTER TREE FOUND at iteration 124: -99129.784
Iteration 130 / LogL: -99167.422 / Time: 0h:43m:30s (0h:31m:42s left)
Iteration 140 / LogL: -99177.084 / Time: 0h:46m:18s (0h:27m:59s left)
Estimate model parameters (epsilon = 0.100)
BETTER TREE FOUND at iteration 141: -99110.839
Estimate model parameters (epsilon = 0.100)
BETTER TREE FOUND at iteration 150: -99093.672
Iteration 150 / LogL: -99093.672 / Time: 0h:49m:26s (0h:33m:10s left)
Log-likelihood cutoff on original alignment: -99859.720
Estimate model parameters (epsilon = 0.100)
BETTER TREE FOUND at iteration 153: -99091.029
Estimate model parameters (epsilon = 0.100)
BETTER TREE FOUND at iteration 157: -99075.069
Iteration 160 / LogL: -99127.968 / Time: 0h:52m:26s (0h:31m:59s left)
Iteration 170 / LogL: -99099.268 / Time: 0h:54m:56s (0h:28m:17s left)
Estimate model parameters (epsilon = 0.100)
BETTER TREE FOUND at iteration 175: -99061.045
Estimate model parameters (epsilon = 0.100)
BETTER TREE FOUND at iteration 177: -99058.773
Iteration 180 / LogL: -99154.310 / Time: 0h:57m:31s (0h:31m:10s left)
Estimate model parameters (epsilon = 0.100)
BETTER TREE FOUND at iteration 186: -99054.068
Iteration 190 / LogL: -99102.255 / Time: 0h:59m:58s (0h:30m:27s left)
Iteration 200 / LogL: -99095.800 / Time: 1h:2m:25s (0h:26m:58s left)
Log-likelihood cutoff on original alignment: -99859.720
NOTE: Bootstrap correlation coefficient of split occurrence frequencies: 0.875
NOTE: UFBoot does not converge, continue at least 100 more iterations
Estimate model parameters (epsilon = 0.100)
BETTER TREE FOUND at iteration 205: -99044.139
Iteration 210 / LogL: -99066.706 / Time: 1h:4m:52s (0h:29m:29s left)
Estimate model parameters (epsilon = 0.100)
BETTER TREE FOUND at iteration 215: -99010.090
Estimate model parameters (epsilon = 0.100)
BETTER TREE FOUND at iteration 217: -98993.897
Iteration 220 / LogL: -99036.934 / Time: 1h:7m:15s (0h:29m:47s left)
Estimate model parameters (epsilon = 0.100)
BETTER TREE FOUND at iteration 230: -98978.804
Iteration 230 / LogL: -98978.804 / Time: 1h:9m:36s (0h:30m:23s left)
Estimate model parameters (epsilon = 0.100)
BETTER TREE FOUND at iteration 235: -98955.338
Iteration 240 / LogL: -99019.045 / Time: 1h:11m:40s (0h:28m:29s left)
Iteration 250 / LogL: -99059.572 / Time: 1h:13m:29s (0h:25m:5s left)
Log-likelihood cutoff on original alignment: -99284.569
Iteration 260 / LogL: -99004.483 / Time: 1h:15m:24s (0h:21m:50s left)
Iteration 270 / LogL: -99027.897 / Time: 1h:17m:16s (0h:18m:40s left)
Estimate model parameters (epsilon = 0.100)
BETTER TREE FOUND at iteration 276: -98954.228
Iteration 280 / LogL: -98994.554 / Time: 1h:19m:10s (0h:27m:14s left)
Iteration 290 / LogL: -99023.235 / Time: 1h:21m:1s (0h:24m:6s left)
Iteration 300 / LogL: -98972.073 / Time: 1h:22m:49s (0h:21m:3s left)
Log-likelihood cutoff on original alignment: -99232.198
NOTE: Bootstrap correlation coefficient of split occurrence frequencies: 0.817
NOTE: UFBoot does not converge, continue at least 100 more iterations
Iteration 310 / LogL: -99015.445 / Time: 1h:24m:40s (0h:24m:39s left)
Iteration 320 / LogL: -99101.404 / Time: 1h:26m:43s (0h:21m:44s left)
Estimate model parameters (epsilon = 0.100)
BETTER TREE FOUND at iteration 324: -98951.218
Iteration 330 / LogL: -98990.309 / Time: 1h:29m:13s (0h:25m:29s left)
Estimate model parameters (epsilon = 0.100)
BETTER TREE FOUND at iteration 337: -98938.346
Iteration 340 / LogL: -99110.764 / Time: 1h:31m:42s (0h:26m:14s left)
Iteration 350 / LogL: -99055.447 / Time: 1h:34m:20s (0h:23m:30s left)
Log-likelihood cutoff on original alignment: -99232.198
Iteration 360 / LogL: -98972.154 / Time: 1h:37m:5s (0h:20m:49s left)
Estimate model parameters (epsilon = 0.100)
BETTER TREE FOUND at iteration 370: -98932.453
Iteration 370 / LogL: -98932.453 / Time: 1h:40m:0s (0h:27m:6s left)
Iteration 380 / LogL: -99008.008 / Time: 1h:42m:30s (0h:24m:20s left)
Estimate model parameters (epsilon = 0.100)
BETTER TREE FOUND at iteration 381: -98926.228
Iteration 390 / LogL: -98963.869 / Time: 1h:44m:42s (0h:24m:29s left)
Iteration 400 / LogL: -99004.650 / Time: 1h:46m:49s (0h:21m:41s left)
Log-likelihood cutoff on original alignment: -99232.198
NOTE: Bootstrap correlation coefficient of split occurrence frequencies: 0.854
NOTE: UFBoot does not converge, continue at least 100 more iterations
Iteration 410 / LogL: -98957.751 / Time: 1h:48m:59s (0h:23m:58s left)
Iteration 420 / LogL: -98960.636 / Time: 1h:50m:58s (0h:21m:11s left)
Iteration 430 / LogL: -98977.330 / Time: 1h:53m:13s (0h:18m:28s left)
Iteration 440 / LogL: -99020.866 / Time: 1h:55m:32s (0h:15m:47s left)
Iteration 450 / LogL: -98981.651 / Time: 1h:57m:48s (0h:13m:7s left)
Log-likelihood cutoff on original alignment: -99232.198
Iteration 460 / LogL: -98968.973 / Time: 2h:0m:4s (0h:10m:27s left)
Iteration 470 / LogL: -98993.878 / Time: 2h:2m:24s (0h:7m:49s left)
Iteration 480 / LogL: -98972.221 / Time: 2h:4m:56s (0h:5m:12s left)
Iteration 490 / LogL: -99034.218 / Time: 2h:7m:8s (0h:2m:36s left)
Iteration 500 / LogL: -98980.039 / Time: 2h:9m:24s (0h:0m:0s left)
Log-likelihood cutoff on original alignment: -99232.198
NOTE: Bootstrap correlation coefficient of split occurrence frequencies: 0.951
NOTE: UFBoot does not converge, continue at least 100 more iterations
Iteration 510 / LogL: -98978.487 / Time: 2h:11m:59s (0h:23m:20s left)
Iteration 520 / LogL: -99028.046 / Time: 2h:14m:23s (0h:20m:42s left)
Estimate model parameters (epsilon = 0.100)
BETTER TREE FOUND at iteration 522: -98919.059
Iteration 530 / LogL: -99028.149 / Time: 2h:16m:46s (0h:23m:47s left)
Iteration 540 / LogL: -98990.103 / Time: 2h:18m:59s (0h:21m:8s left)
Iteration 550 / LogL: -98973.475 / Time: 2h:21m:24s (0h:18m:32s left)
Log-likelihood cutoff on original alignment: -99232.198
Iteration 560 / LogL: -99001.473 / Time: 2h:23m:53s (0h:15m:57s left)
Iteration 570 / LogL: -98980.089 / Time: 2h:26m:22s (0h:13m:22s left)
Iteration 580 / LogL: -98964.766 / Time: 2h:28m:52s (0h:10m:47s left)
Iteration 590 / LogL: -99001.758 / Time: 2h:31m:13s (0h:8m:12s left)
Iteration 600 / LogL: -98997.531 / Time: 2h:33m:44s (0h:5m:38s left)
Log-likelihood cutoff on original alignment: -99232.198
NOTE: Bootstrap correlation coefficient of split occurrence frequencies: 0.957
NOTE: UFBoot does not converge, continue at least 100 more iterations
Iteration 610 / LogL: -98980.944 / Time: 2h:36m:14s (0h:23m:5s left)
Iteration 620 / LogL: -98958.851 / Time: 2h:38m:37s (0h:20m:30s left)
Iteration 630 / LogL: -98984.546 / Time: 2h:41m:1s (0h:17m:55s left)
Iteration 640 / LogL: -98955.520 / Time: 2h:43m:13s (0h:15m:19s left)
Iteration 650 / LogL: -98992.493 / Time: 2h:45m:33s (0h:12m:45s left)
Log-likelihood cutoff on original alignment: -99155.156
Iteration 660 / LogL: -98956.786 / Time: 2h:48m:1s (0h:10m:11s left)
Iteration 670 / LogL: -99015.468 / Time: 2h:50m:27s (0h:7m:38s left)
Iteration 680 / LogL: -98975.914 / Time: 2h:52m:50s (0h:5m:5s left)
Iteration 690 / LogL: -98979.368 / Time: 2h:55m:21s (0h:2m:32s left)
Iteration 700 / LogL: -98944.893 / Time: 2h:57m:51s (0h:0m:0s left)
Log-likelihood cutoff on original alignment: -99155.156
NOTE: Bootstrap correlation coefficient of split occurrence frequencies: 0.966
NOTE: UFBoot does not converge, continue at least 100 more iterations
Iteration 710 / LogL: -98936.771 / Time: 2h:59m:57s (0h:22m:50s left)
Iteration 720 / LogL: -98989.102 / Time: 3h:2m:5s (0h:20m:15s left)
Iteration 730 / LogL: -98961.854 / Time: 3h:4m:8s (0h:17m:40s left)
Iteration 740 / LogL: -99061.414 / Time: 3h:6m:3s (0h:15m:6s left)
Iteration 750 / LogL: -98960.164 / Time: 3h:8m:15s (0h:12m:34s left)
Log-likelihood cutoff on original alignment: -99155.156
Iteration 760 / LogL: -98944.387 / Time: 3h:10m:29s (0h:10m:2s left)
Iteration 770 / LogL: -99020.969 / Time: 3h:12m:32s (0h:7m:30s left)
Iteration 780 / LogL: -98983.029 / Time: 3h:14m:42s (0h:4m:59s left)
Iteration 790 / LogL: -98956.791 / Time: 3h:17m:8s (0h:2m:29s left)
Iteration 800 / LogL: -98979.001 / Time: 3h:19m:20s (0h:0m:0s left)
Log-likelihood cutoff on original alignment: -99141.703
NOTE: Bootstrap correlation coefficient of split occurrence frequencies: 0.985
NOTE: UFBoot does not converge, continue at least 100 more iterations
Iteration 810 / LogL: -98950.813 / Time: 3h:21m:37s (0h:22m:25s left)
Iteration 820 / LogL: -99005.042 / Time: 3h:23m:52s (0h:19m:54s left)
Iteration 830 / LogL: -98955.753 / Time: 3h:26m:5s (0h:17m:24s left)
Estimate model parameters (epsilon = 0.100)
BETTER TREE FOUND at iteration 837: -98917.249
Iteration 840 / LogL: -99000.323 / Time: 3h:28m:17s (0h:24m:4s left)
Iteration 850 / LogL: -99079.849 / Time: 3h:30m:24s (0h:21m:33s left)
Log-likelihood cutoff on original alignment: -99121.975
Iteration 860 / LogL: -98960.106 / Time: 3h:32m:47s (0h:19m:4s left)
Iteration 870 / LogL: -98939.108 / Time: 3h:34m:58s (0h:16m:34s left)
Iteration 880 / LogL: -98991.475 / Time: 3h:37m:17s (0h:14m:5s left)
Iteration 890 / LogL: -98970.251 / Time: 3h:39m:34s (0h:11m:36s left)
Iteration 900 / LogL: -99029.953 / Time: 3h:41m:47s (0h:9m:7s left)
Log-likelihood cutoff on original alignment: -99121.975
NOTE: Bootstrap correlation coefficient of split occurrence frequencies: 0.988
NOTE: UFBoot does not converge, continue at least 100 more iterations
Iteration 910 / LogL: -98981.607 / Time: 3h:44m:8s (0h:22m:11s left)
Iteration 920 / LogL: -98947.926 / Time: 3h:46m:47s (0h:19m:44s left)
Iteration 930 / LogL: -98978.619 / Time: 3h:49m:14s (0h:17m:16s left)
Iteration 940 / LogL: -98975.976 / Time: 3h:51m:18s (0h:14m:46s left)
Iteration 950 / LogL: -98942.283 / Time: 3h:53m:40s (0h:12m:18s left)
Log-likelihood cutoff on original alignment: -99121.975
Iteration 960 / LogL: -98969.194 / Time: 3h:56m:4s (0h:9m:50s left)
Iteration 970 / LogL: -98960.808 / Time: 3h:58m:35s (0h:7m:23s left)
Iteration 980 / LogL: -99004.183 / Time: 4h:1m:0s (0h:4m:55s left)
Iteration 990 / LogL: -98955.995 / Time: 4h:3m:27s (0h:2m:27s left)
Iteration 1000 / LogL: -98936.690 / Time: 4h:5m:53s (0h:0m:0s left)
Log-likelihood cutoff on original alignment: -99121.975
NOTE: Bootstrap correlation coefficient of split occurrence frequencies: 0.991
TREE SEARCH COMPLETED AFTER 1000 ITERATIONS / Time: 4h:5m:58s

--------------------------------------------------------------------
|                    FINALIZING TREE SEARCH                        |
--------------------------------------------------------------------
Performs final model parameters optimization
Estimate model parameters (epsilon = 0.010)
1. Initial log-likelihood: -98917.249
Optimal log-likelihood: -98917.243
Rate parameters:  A-C: 0.64900  A-G: 2.48178  A-T: 1.54551  C-G: 0.45992  C-T: 4.52183  G-T: 1.00000
Base frequencies:  A: 0.261  C: 0.189  G: 0.348  T: 0.202
Gamma shape alpha: 0.650
Parameters optimization took 1 rounds (0.743 sec)
BEST SCORE FOUND : -98917.243
Creating bootstrap support values...
Split supports printed to NEXUS file phylo.splits.nex
Total tree length: 161.025

Total number of iterations: 1000
CPU time used for tree search: 329387.766 sec (91h:29m:47s)
Wall-clock time used for tree search: 14747.728 sec (4h:5m:47s)
Total CPU time used: 329642.510 sec (91h:34m:2s)
Total wall-clock time used: 14762.646 sec (4h:6m:2s)

Computing bootstrap consensus tree...
Reading input file phylo.splits.nex...
1225 taxa and 10060 splits.
Consensus tree written to phylo.contree
Reading input trees file phylo.contree
Log-likelihood of consensus tree: -98871.746

Analysis results written to: 
  IQ-TREE report:                phylo.iqtree
  Maximum-likelihood tree:       phylo.treefile
  Likelihood distances:          phylo.mldist

Ultrafast bootstrap approximation results written to:
  Split support values:          phylo.splits.nex
  Consensus tree:                phylo.contree
  Screen log file:               phylo.log

Date and Time: Mon Jun  6 18:05:46 2022
