IQ-TREE multicore version 2.1.3 COVID-edition for Linux 64-bit built Apr 21 2021
Developed by Bui Quang Minh, James Barbetti, Nguyen Lam Tung,
Olga Chernomor, Heiko Schmidt, Dominik Schrempf, Michael Woodhams.

Host:    Smith (AVX, 7 GB RAM)
Command: iqtree2 -s data/3y_aln.fasta -m GTR+G -nt 4 -B 1000 --prefix 3y
Seed:    903072 (Using SPRNG - Scalable Parallel Random Number Generator)
Time:    Wed Sep 14 13:24:39 2022
Kernel:  AVX - 4 threads (4 CPU cores detected)

Reading alignment file data/3y_aln.fasta ... Fasta format detected
Alignment most likely contains DNA/RNA sequences
Alignment has 206 sequences with 251 columns, 133 distinct patterns
92 parsimony-informative, 49 singleton sites, 110 constant sites
WARNING: Some sequence names are changed as follows:
185cm_Gotland(2) -> 185cm_Gotland_2_
2cm_Gotland(9) -> 2cm_Gotland_9_
220cm_Gotland(4) -> 220cm_Gotland_4_
NR_042265.1_Mycolicibacterium_mageritense_DSM_44476_=_CIP_104973_strain_938_16S_ribosomal_RNA_partial_sequence -> NR_042265.1_Mycolicibacterium_mageritense_DSM_44476___CIP_104973_strain_938_16S_ribosomal_RNA_partial_sequence
20cm_Fin(7) -> 20cm_Fin_7_
2cm_Gotland(14) -> 2cm_Gotland_14_
2cm_Fin(3) -> 2cm_Fin_3_
2cm_Gotland(10) -> 2cm_Gotland_10_
2cm_Gotland(7) -> 2cm_Gotland_7_
190cm_Fin(7) -> 190cm_Fin_7_
20cm_Fin(5) -> 20cm_Fin_5_
20cm_Fin(3) -> 20cm_Fin_3_
2cm_Fin(14) -> 2cm_Fin_14_
150cm_Fin(5) -> 150cm_Fin_5_
20cm_Fin(6) -> 20cm_Fin_6_
2cm_Gotland(4) -> 2cm_Gotland_4_
2cm_Gotland(6) -> 2cm_Gotland_6_
2cm_Gotland(13) -> 2cm_Gotland_13_
80cm_Fin(9) -> 80cm_Fin_9_
10cm_Fin(2) -> 10cm_Fin_2_
20cm_Gotland(2) -> 20cm_Gotland_2_
40cm_Fin(2) -> 40cm_Fin_2_
220cm_Gotland(2) -> 220cm_Gotland_2_
80cm_Fin(7) -> 80cm_Fin_7_
190cm_Fin(9) -> 190cm_Fin_9_
2cm_Fin(5) -> 2cm_Fin_5_
150cm_Fin(3) -> 150cm_Fin_3_
20cm_Fin(2) -> 20cm_Fin_2_
220cm_Gotland(5) -> 220cm_Gotland_5_
80cm_Fin(4) -> 80cm_Fin_4_
20cm_Fin(4) -> 20cm_Fin_4_
80cm_Fin(5) -> 80cm_Fin_5_
2cm_Fin(12) -> 2cm_Fin_12_
150cm_Fin(4) -> 150cm_Fin_4_
2cm_Gotland(11) -> 2cm_Gotland_11_
120cm_Gotland(3) -> 120cm_Gotland_3_
40cm_Gotland(2) -> 40cm_Gotland_2_
190cm_Fin(4) -> 190cm_Fin_4_
190cm_Fin(6) -> 190cm_Fin_6_
80cm_Fin(2) -> 80cm_Fin_2_
220cm_Gotland(3) -> 220cm_Gotland_3_
80cm_Fin(3) -> 80cm_Fin_3_
190cm_Fin(10) -> 190cm_Fin_10_
2cm_Gotland(3) -> 2cm_Gotland_3_
80cm_Fin(13) -> 80cm_Fin_13_
2cm_Gotland(2) -> 2cm_Gotland_2_
220cm_Gotland(6) -> 220cm_Gotland_6_
185cm_Gotland(3) -> 185cm_Gotland_3_
2cm_Gotland(12) -> 2cm_Gotland_12_
80cm_Fin(6) -> 80cm_Fin_6_
150cm_Fin(7) -> 150cm_Fin_7_
NR_145908.1_Mycobacterium_angelicum_strain_:DSM_45057_16S_ribosomal_RNA_partial_sequence -> NR_145908.1_Mycobacterium_angelicum_strain__DSM_45057_16S_ribosomal_RNA_partial_sequence
2cm_Fin(10) -> 2cm_Fin_10_
145cm_Gotland(2) -> 145cm_Gotland_2_
185cm_Gotland(4) -> 185cm_Gotland_4_
120cm_Gotland(2) -> 120cm_Gotland_2_
110cm_Fin(3) -> 110cm_Fin_3_
110cm_Fin(6) -> 110cm_Fin_6_
2cm_Fin(2) -> 2cm_Fin_2_
270cm_Gotland(2) -> 270cm_Gotland_2_
145cm_Gotland(4) -> 145cm_Gotland_4_
2cm_Fin(6) -> 2cm_Fin_6_
10cm_Fin(3) -> 10cm_Fin_3_
20cm_Gotland(4) -> 20cm_Gotland_4_
20cm_Gotland(3) -> 20cm_Gotland_3_
2cm_Fin(9) -> 2cm_Fin_9_
2cm_Gotland(15) -> 2cm_Gotland_15_
150cm_Fin(8) -> 150cm_Fin_8_
110cm_Fin(4) -> 110cm_Fin_4_
80cm_Fin(11) -> 80cm_Fin_11_
2cm_Gotland(8) -> 2cm_Gotland_8_
80cm_Fin(12) -> 80cm_Fin_12_
190cm_Fin(2) -> 190cm_Fin_2_
110cm_Fin(5) -> 110cm_Fin_5_
150cm_Fin(2) -> 150cm_Fin_2_
2cm_Fin(4) -> 2cm_Fin_4_
2cm_Fin(7) -> 2cm_Fin_7_
2cm_Fin(15) -> 2cm_Fin_15_
2cm_Gotland(5) -> 2cm_Gotland_5_
190cm_Fin(8) -> 190cm_Fin_8_
80cm_Fin(10) -> 80cm_Fin_10_
150cm_Fin(6) -> 150cm_Fin_6_
2cm_Fin(11) -> 2cm_Fin_11_
80cm_Fin(8) -> 80cm_Fin_8_
190cm_Fin(3) -> 190cm_Fin_3_
110cm_Fin(2) -> 110cm_Fin_2_
190cm_Fin(5) -> 190cm_Fin_5_
2cm_Fin(13) -> 2cm_Fin_13_
2cm_Fin(8) -> 2cm_Fin_8_
145cm_Gotland(3) -> 145cm_Gotland_3_
40cm_Gotland(3) -> 40cm_Gotland_3_

                                                                                                                Gap/Ambiguity  Composition  p-value
   1  NR_121712.2_Mycobacterium_kansasii_ATCC_12478_16S_ribosomal_RNA_complete_sequence                                 0.00%    passed     99.25%
   2  NR_117885.1_Mycolicibacterium_tusciae_strain_CIP_106367_16S_ribosomal_RNA_partial_sequence                        0.00%    passed     99.83%
   3  185cm_Gotland_2_                                                                                                  0.00%    passed     88.00%
   4  NR_026284.1_Mycolicibacterium_austroafricanum_strain_ATCC_33464_16S_ribosomal_RNA_partial_sequence                0.00%    passed     98.99%
   5  2cm_Gotland_9_                                                                                                    0.00%    passed     91.30%
   6  220cm_Gotland_4_                                                                                                  0.00%    passed     97.94%
   7  NR_134094.1_Mycolicibacterium_hippocampi_strain_BFLP-6_16S_ribosomal_RNA_partial_sequence                         0.00%    passed     99.57%
   8  NR_042265.1_Mycolicibacterium_mageritense_DSM_44476___CIP_104973_strain_938_16S_ribosomal_RNA_partial_sequence    0.00%    passed     99.57%
   9  NR_074572.1_Mycolicibacterium_vanbaalenii_PYR-1_16S_ribosomal_RNA_partial_sequence                                0.00%    passed     98.99%
  10  20cm_Fin_7_                                                                                                       0.00%    passed     99.98%
  11  2cm_Gotland_14_                                                                                                   0.00%    passed     96.87%
  12  120cm_Gotland                                                                                                     0.00%    passed     88.51%
  13  2cm_Fin_3_                                                                                                        0.00%    passed     99.49%
  14  2cm_Gotland_10_                                                                                                   0.00%    passed     99.49%
  15  2cm_Gotland_7_                                                                                                    0.00%    passed     90.47%
  16  190cm_Fin                                                                                                         0.00%    passed     89.50%
  17  190cm_Fin_7_                                                                                                      0.00%    passed     52.30%
  18  20cm_Fin                                                                                                          0.00%    passed     99.41%
  19  NR_043901.1_Mycobacterium_crocinum_strain_czh-42_16S_ribosomal_RNA_partial_sequence                               0.00%    passed     99.25%
  20  NR_044840.1_Mycobacterium_intermedium_strain_1669/91_16S_ribosomal_RNA_partial_sequence                           0.00%    passed     99.25%
  21  20cm_Fin_5_                                                                                                       0.00%    passed     96.87%
  22  20cm_Fin_3_                                                                                                       0.00%    passed     82.03%
  23  NR_118914.1_Mycolicibacterium_chubuense_strain_ATCC_27278_16S_ribosomal_RNA_partial_sequence                      0.00%    passed     98.41%
  24  NR_044449.1_Mycobacterium_riyadhense_strain_NLA000201958_16S_ribosomal_RNA_partial_sequence                       0.00%    passed     97.98%
  25  2cm_Fin_14_                                                                                                       0.00%    passed     96.83%
  26  NR_136492.1_Mycolicibacterium_anyangense_strain_QIA-38_16S_ribosomal_RNA_partial_sequence                         0.00%    passed     99.57%
  27  150cm_Fin_5_                                                                                                      0.00%    passed     95.92%
  28  NR_025529.1_Mycolicibacterium_rhodesiae_strain_DSM_44223_16S_ribosomal_RNA_partial_sequence                       0.00%    passed     99.83%
  29  NR_114447.1_Mycolicibacterium_peregrinum_strain_ATCC_14467_16S_ribosomal_RNA_partial_sequence                     0.00%    passed     99.57%
  30  20cm_Fin_6_                                                                                                       0.00%    passed     91.99%
  31  NR_115311.1_Mycolicibacterium_flavescens_strain_ATCC_14474_16S_ribosomal_RNA_partial_sequence                     0.00%    passed     96.96%
  32  NR_042280.1_Mycolicibacterium_llatzerense_strain_MG13_16S_ribosomal_RNA_partial_sequence                          0.00%    passed     99.17%
  33  2cm_Gotland_4_                                                                                                    0.00%    passed     98.55%
  34  2cm_Gotland_6_                                                                                                    0.00%    passed     96.76%
  35  2cm_Gotland_13_                                                                                                   0.00%    passed     96.87%
  36  80cm_Fin_9_                                                                                                       0.00%    passed     42.13%
  37  10cm_Fin_2_                                                                                                       0.00%    passed     97.27%
  38  20cm_Gotland_2_                                                                                                   0.00%    passed     95.77%
  39  185cm_Gotland                                                                                                     0.00%    passed     95.66%
  40  40cm_Fin_2_                                                                                                       0.00%    passed     91.00%
  41  220cm_Gotland_2_                                                                                                  0.00%    passed     91.47%
  42  80cm_Fin_7_                                                                                                       0.00%    passed     98.38%
  43  NR_125525.1_Mycolicibacterium_insubricum_strain_FI-06250_16S_ribosomal_RNA_partial_sequence                       0.00%    passed     99.17%
  44  190cm_Fin_9_                                                                                                      0.00%    passed     97.95%
  45  2cm_Fin_5_                                                                                                        0.00%    passed     98.32%
  46  145cm_Gotland                                                                                                     0.00%    passed     99.60%
  47  270cm_Gotland                                                                                                     0.00%    passed     93.39%
  48  150cm_Fin_3_                                                                                                      0.00%    passed     91.71%
  49  NR_151953.1_Mycolicibacterium_lutetiense_strain_071_16S_ribosomal_RNA_partial_sequence                            0.00%    passed     99.87%
  50  20cm_Fin_2_                                                                                                       0.00%    passed     88.13%
  51  220cm_Gotland_5_                                                                                                  0.00%    passed     91.87%
  52  80cm_Fin_4_                                                                                                       0.00%    passed     96.83%
  53  20cm_Fin_4_                                                                                                       0.00%    passed     93.77%
  54  80cm_Fin_5_                                                                                                       0.00%    passed     93.16%
  55  NR_109734.2_Mycolicibacterium_arabiense_strain_YIM_121001_16S_ribosomal_RNA_complete_sequence                     0.00%    passed     99.41%
  56  NR_025737.1_Mycolicibacterium_canariasense_strain_502329_16S_ribosomal_RNA_partial_sequence                       0.00%    passed     99.57%
  57  NR_114656.1_Mycolicibacterium_mucogenicum_strain_ATCC_49650_16S_ribosomal_RNA_partial_sequence                    0.00%    passed     99.17%
  58  2cm_Fin_12_                                                                                                       0.00%    passed     99.91%
  59  NR_118111.1_Mycobacterium_intracellulare_ATCC_13950_16S_ribosomal_RNA_partial_sequence                            0.00%    passed     99.25%
  60  NR_146658.1_Mycobacterium_paraintracellulare_strain_MOTT64_16S_ribosomal_RNA_partial_sequence                     0.00%    passed     99.25%
  61  NR_042922.1_Mycolicibacterium_wolinskyi_strain_ATCC_700010_16S_ribosomal_RNA_partial_sequence                     0.00%    passed     99.57%
  62  NR_113366.1_Mycobacterium_marinum_strain_ATCC_927_16S_ribosomal_RNA_partial_sequence                              0.00%    passed     99.25%
  63  NR_028998.1_Mycolicibacterium_psychrotolerans_strain_WA101_16S_ribosomal_RNA_partial_sequence                     0.00%    passed     98.41%
  64  150cm_Fin_4_                                                                                                      0.00%    passed     96.83%
  65  NR_158076.1_Mycobacterium_aquiterrae_strain_S-I-6_16S_ribosomal_RNA_partial_sequence                              0.00%    passed     99.57%
  66  NR_156953.1_Mycobacterium_persicum_strain_AFPC-000227_16S_ribosomal_RNA_partial_sequence                          0.00%    passed     99.25%
  67  2cm_Gotland_11_                                                                                                   0.00%    passed     91.85%
  68  NR_044826.2_Mycobacterium_tuberculosis_H37Rv_16S_ribosomal_RNA_complete_sequence                                  0.00%    passed     99.25%
  69  NR_117884.1_Mycolicibacterium_murale_strain_CCUG_39728_16S_ribosomal_RNA_partial_sequence                         0.00%    passed     99.57%
  70  120cm_Gotland_3_                                                                                                  0.00%    passed     99.56%
  71  NR_104888.1_Mycobacterium_haemophilum_DSM_44634_16S_ribosomal_RNA_partial_sequence                                0.00%    passed     97.98%
  72  NR_147779.2_Mycobacterium_alsense_strain_TB_1906_16S_ribosomal_RNA_complete_sequence                              0.00%    passed     97.98%
  73  NR_151954.1_Mycobacterium_arcueilense_strain_269_16S_ribosomal_RNA_partial_sequence                               0.00%    passed     99.87%
  74  40cm_Gotland_2_                                                                                                   0.00%    passed     96.93%
  75  190cm_Fin_4_                                                                                                      0.00%    passed     85.39%
  76  NR_043237.1_Mycolicibacterium_phocaicum_strain_N4_16S_ribosomal_RNA_partial_sequence                              0.00%    passed     99.17%
  77  NR_158005.1_Mycobacterium_aquaticum_strain_RW6_16S_ribosomal_RNA_partial_sequence                                 0.00%    passed     98.41%
  78  NR_044814.1_Mycobacterium_malmoense_strain_ATCC_29571_16S_ribosomal_RNA_partial_sequence                          0.40%    passed     98.78%
  79  190cm_Fin_6_                                                                                                      0.00%    passed     95.73%
  80  80cm_Fin_2_                                                                                                       0.00%    passed     80.65%
  81  80cm_Gotland                                                                                                      0.00%    passed     97.94%
  82  220cm_Gotland_3_                                                                                                  0.00%    passed     85.88%
  83  80cm_Fin_3_                                                                                                       0.00%    passed     86.99%
  84  NR_116557.1_Mycolicibacterium_bacteremicum_strain_ATCC_25791_16S_ribosomal_RNA_partial_sequence                   0.00%    passed     99.57%
  85  NR_044815.1_Mycolicibacterium_flavescens_strain_ATCC_14474_16S_ribosomal_RNA_partial_sequence                     0.00%    passed     96.96%
  86  190cm_Fin_10_                                                                                                     0.00%    passed     99.93%
  87  NR_117529.1_Mycolicibacter_algericus_DSM_45454_strain_Bejaia_16S_ribosomal_RNA_partial_sequence                   0.00%    passed     98.26%
  88  2cm_Gotland_3_                                                                                                    0.00%    passed     91.93%
  89  80cm_Fin_13_                                                                                                      0.00%    passed     99.41%
  90  2cm_Gotland_2_                                                                                                    0.00%    passed     95.92%
  91  220cm_Gotland_6_                                                                                                  0.00%    passed     85.39%
  92  40cm_Gotland                                                                                                      0.00%    passed     84.47%
  93  NR_043283.1_Mycobacterium_rufum_strain_JS14_16S_ribosomal_RNA_partial_sequence                                    0.00%    passed     98.41%
  94  185cm_Gotland_3_                                                                                                  0.00%    passed     99.17%
  95  NR_041906.1_Mycolicibacterium_phlei_strain_DSM_43239_16S_ribosomal_RNA_partial_sequence                           0.00%    passed     99.17%
  96  2cm_Gotland_12_                                                                                                   0.00%    passed     95.66%
  97  80cm_Fin_6_                                                                                                       0.00%    passed     91.28%
  98  150cm_Fin_7_                                                                                                      0.00%    passed     96.62%
  99  150cm_Fin                                                                                                         0.00%    passed     95.89%
 100  NR_042423.1_Mycobacterium_colombiense_CECT_3035_strain_10B_16S_ribosomal_RNA_partial_sequence                     0.00%    passed     99.25%
 101  NR_042793.1_Mycobacterium_saskatchewanense_strain_NRCM_00-250_16S_ribosomal_RNA_partial_sequence                  0.00%    passed     99.25%
 102  NR_118147.1_Mycobacterium_intracellulare_subsp._yongonense_strain_05-1390_16S_ribosomal_RNA_partial_sequence      0.00%    passed     99.25%
 103  NR_145908.1_Mycobacterium_angelicum_strain__DSM_45057_16S_ribosomal_RNA_partial_sequence                          0.00%    passed     97.98%
 104  NR_118288.1_Mycolicibacter_longobardus_strain_DSM_45394_16S_ribosomal_RNA_partial_sequence                        0.00%    passed     97.29%
 105  2cm_Fin_10_                                                                                                       0.00%    passed     93.77%
 106  NR_028970.1_Mycobacterium_pyrenivorans_strain_17A317A3_16S_ribosomal_RNA_partial_sequence                         0.00%    passed     99.25%
 107  220cm_Gotland                                                                                                     0.00%    passed     95.49%
 108  145cm_Gotland_2_                                                                                                  0.00%    passed     96.28%
 109  NR_159107.1_Mycobacterium_grossiae_strain_PB739_16S_ribosomal_RNA_partial_sequence                                0.00%    passed     98.41%
 110  185cm_Gotland_4_                                                                                                  0.00%    passed     93.50%
 111  120cm_Gotland_2_                                                                                                  0.00%    passed     93.77%
 112  110cm_Fin_3_                                                                                                      0.00%    passed     95.66%
 113  110cm_Fin                                                                                                         0.00%    passed     17.57%
 114  NR_041902.1_Mycolicibacterium_chubuense_strain_ATCC_27278_16S_ribosomal_RNA_partial_sequence                      0.00%    passed     98.41%
 115  NR_135729.1_Mycobacterium_bourgelatii_strain_MLB-A84_16S_ribosomal_RNA_partial_sequence                           0.00%    passed     99.25%
 116  NR_118917.1_Mycobacterium_asiaticum_strain_ATCC_25276_16S_ribosomal_RNA_partial_sequence                          0.00%    passed     97.98%
 117  110cm_Fin_6_                                                                                                      0.00%    passed     78.64%
 118  2cm_Fin_2_                                                                                                        0.00%    passed     98.11%
 119  NR_115331.1_Mycolicibacterium_moriokaense_strain_CIP_105393_16S_ribosomal_RNA_partial_sequence                    0.00%    passed     98.41%
 120  270cm_Gotland_2_                                                                                                  0.00%    passed     99.69%
 121  145cm_Gotland_4_                                                                                                  0.00%    passed     99.25%
 122  NR_041945.1_Mycobacterium_shimoidei_strain_ATCC_27962_16S_ribosomal_RNA_partial_sequence                          0.00%    passed     93.19%
 123  NR_025236.1_Mycolicibacterium_tokaiense_strain_ATCC_27282_16S_ribosomal_RNA_partial_sequence                      0.00%    passed     99.57%
 124  2cm_Fin_6_                                                                                                        0.00%    passed     99.29%
 125  NR_025296.1_Mycolicibacterium_elephantis_strain_DSM_44368_16S_ribosomal_RNA_partial_sequence                      0.00%    passed     98.41%
 126  NR_029293.1_Mycolicibacterium_vanbaalenii_PYR-1_16S_ribosomal_RNA_partial_sequence                                0.00%    passed     98.99%
 127  10cm_Fin_3_                                                                                                       0.00%    passed     85.39%
 128  20cm_Gotland_4_                                                                                                   0.00%    passed     99.49%
 129  20cm_Gotland_3_                                                                                                   0.00%    passed     75.78%
 130  NR_025233.1_Mycolicibacterium_brumae_strain_ATCC_51384_16S_ribosomal_RNA_partial_sequence                         0.00%    passed     98.26%
 131  80cm_Fin                                                                                                          0.00%    passed     96.38%
 132  NR_117909.1_Mycolicibacterium_iranicum_strain_M05_16S_ribosomal_RNA_partial_sequence                              0.00%    passed     99.57%
 133  40cm_Fin                                                                                                          0.00%    passed     98.46%
 134  NR_119093.2_Mycolicibacterium_chlorophenolicum_strain_PCP-I_16S_ribosomal_RNA_complete_sequence                   0.00%    passed     98.41%
 135  2cm_Gotland                                                                                                       0.00%    passed     99.60%
 136  10cm_Fin                                                                                                          0.00%    passed     98.28%
 137  2cm_Fin_9_                                                                                                        0.00%    passed     98.75%
 138  NR_151955.1_Mycolicibacterium_montmartrense_strain_196_16S_ribosomal_RNA_partial_sequence                         0.00%    passed     99.87%
 139  NR_157699.1_Mycobacterium_talmoniae_strain_NE-TNMC-100812_16S_ribosomal_RNA_complete_sequence                     0.00%    passed     97.29%
 140  2cm_Gotland_15_                                                                                                   0.00%    passed     99.91%
 141  NR_156819.1_Mycolicibacterium_malmesburyense_strain_WCM_7299_16S_ribosomal_RNA_partial_sequence                   0.00%    passed     98.26%
 142  2cm_Fin                                                                                                           0.00%    passed     86.56%
 143  150cm_Fin_8_                                                                                                      0.00%    passed     97.94%
 144  NR_025528.1_Mycolicibacterium_pulveris_strain_DSM_44222_16S_ribosomal_RNA_partial_sequence                        0.00%    passed     98.41%
 145  NR_104909.1_Mycobacterium_interjectum_strain_4185/92_16S_ribosomal_RNA_partial_sequence                           0.00%    passed     97.98%
 146  NR_117225.1_Mycobacterium_malmoense_strain_ATCC_29571_16S_ribosomal_RNA_partial_sequence                          0.00%    passed     97.98%
 147  110cm_Fin_4_                                                                                                      0.00%    passed     91.29%
 148  NR_104774.1_Mycolicibacterium_sphagni_strain_Sph_38_16S_ribosomal_RNA_partial_sequence                            0.00%    passed     98.41%
 149  NR_025175.1_Mycobacterium_lacus_strain_NRCM_00-255_16S_ribosomal_RNA_partial_sequence                             0.00%    passed     97.98%
 150  80cm_Fin_11_                                                                                                      0.00%    passed     99.60%
 151  NR_029037.1_Mycolicibacterium_brisbanense_strain_W6743_16S_ribosomal_RNA_partial_sequence                         0.00%    passed     98.41%
 152  NR_029219.1_Mycolicibacterium_aichiense_strain_49005_16S_ribosomal_RNA_partial_sequence                           0.00%    passed     99.83%
 153  2cm_Gotland_8_                                                                                                    0.00%    passed     98.85%
 154  NR_026087.1_Mycolicibacterium_gadium_strain_1066_16S_ribosomal_RNA_partial_sequence                               0.00%    passed     99.83%
 155  NR_157985.1_Mycobacterium_eburneum_strain_DSM_44358_16S_ribosomal_RNA_partial_sequence                            0.00%    passed     97.29%
 156  NR_104956.1_Mycobacterium_timonense_strain_5351974_16S_ribosomal_RNA_partial_sequence                             0.00%    passed     99.25%
 157  NR_115232.1_Mycolicibacterium_mageritense_strain_CIP_104973_16S_ribosomal_RNA_partial_sequence                    0.00%    passed     99.57%
 158  80cm_Fin_12_                                                                                                      0.00%    passed     91.71%
 159  190cm_Fin_2_                                                                                                      0.00%    passed     81.12%
 160  NR_169341.1_Mycobacterium_palauense_strain_CECT_8779_16S_ribosomal_RNA_complete_sequence                          0.00%    passed     98.41%
 161  110cm_Fin_5_                                                                                                      0.00%    passed     87.68%
 162  NR_041346.1_Mycolicibacter_kumamotonensis_strain_CST_7274_16S_ribosomal_RNA_partial_sequence                      0.00%    passed     98.26%
 163  NR_029217.1_Mycolicibacterium_aurum_strain_358_16S_ribosomal_RNA_partial_sequence                                 0.00%    passed     98.99%
 164  NR_024903.1_Mycolicibacterium_tusciae_strain_FI-25796_16S_ribosomal_RNA_partial_sequence                          0.40%    passed     99.86%
 165  NR_102810.2_Mycobacterium_tuberculosis_H37Rv_16S_ribosomal_RNA_complete_sequence                                  0.00%    passed     99.25%
 166  NR_152646.1_Mycolicibacterium_sarraceniae_strain_JCM_30395_16S_ribosomal_RNA_partial_sequence                     0.00%    passed     99.91%
 167  NR_043760.1_Mycobacterium_pallens_strain_czh-8_16S_ribosomal_RNA_partial_sequence                                 0.00%    passed     98.41%
 168  NR_115805.1_Mycolicibacterium_gadium_strain_CIP_105388_16S_ribosomal_RNA_partial_sequence                         0.00%    passed     99.83%
 169  NR_109733.1_Mycolicibacterium_sediminis_strain_YIM_M13028_16S_ribosomal_RNA_partial_sequence                      0.00%    passed     99.91%
 170  NR_028945.2_Mycobacterium_holsaticum_strain_1406_16S_ribosomal_RNA_complete_sequence                              0.00%    passed     99.05%
 171  NR_025526.1_Mycolicibacterium_moriokaense_strain_DSM_44221_16S_ribosomal_RNA_partial_sequence                     0.00%    passed     98.41%
 172  NR_118612.1_Mycolicibacterium_smegmatis_strain_DSM_43756_16S_ribosomal_RNA_partial_sequence                       0.00%    passed     99.87%
 173  150cm_Fin_2_                                                                                                      0.00%    passed     91.29%
 174  NR_118584.1_Mycobacterium_szulgai_strain_ATCC_35799_16S_ribosomal_RNA_partial_sequence                            0.00%    passed     97.98%
 175  NR_115330.1_Mycobacterium_barrassiae_strain_CIP_108545_16S_ribosomal_RNA_partial_sequence                         0.00%    passed     98.41%
 176  NR_026286.1_Mycobacterium_hodleri_strain_DSM_44183_16S_ribosomal_RNA_partial_sequence                             0.00%    passed     99.41%
 177  2cm_Fin_4_                                                                                                        0.00%    passed     96.18%
 178  NR_118331.1_Mycobacterium_gordonae_strain_ATCC_14470_16S_ribosomal_RNA_partial_sequence                           0.00%    passed     98.34%
 179  NR_041901.1_Mycobacterium_asiaticum_strain_ATCC_25276_16S_ribosomal_RNA_partial_sequence                          0.00%    passed     97.98%
 180  2cm_Fin_7_                                                                                                        0.00%    passed     85.85%
 181  2cm_Fin_15_                                                                                                       0.00%    passed     99.83%
 182  2cm_Gotland_5_                                                                                                    0.00%    passed     88.68%
 183  190cm_Fin_8_                                                                                                      0.00%    passed     98.42%
 184  80cm_Fin_10_                                                                                                      0.00%    passed     89.67%
 185  150cm_Fin_6_                                                                                                      0.00%    passed     95.73%
 186  2cm_Fin_11_                                                                                                       0.00%    passed     99.49%
 187  80cm_Fin_8_                                                                                                       0.00%    passed     91.00%
 188  190cm_Fin_3_                                                                                                      0.00%    passed     99.69%
 189  110cm_Fin_2_                                                                                                      0.00%    passed     97.73%
 190  NR_116555.1_Mycolicibacterium_aurum_strain_ATCC_23366_16S_ribosomal_RNA_partial_sequence                          0.00%    passed     98.99%
 191  NR_025787.1_Mycolicibacterium_cosmeticum_strain_LTA-388_16S_ribosomal_RNA_partial_sequence                        0.00%    passed     99.57%
 192  NR_104690.1_Mycolicibacterium_madagascariense_strain_P2_16S_ribosomal_RNA_partial_sequence                        0.00%    passed     98.26%
 193  190cm_Fin_5_                                                                                                      0.00%    passed     71.04%
 194  2cm_Fin_13_                                                                                                       0.00%    passed     98.85%
 195  2cm_Fin_8_                                                                                                        0.00%    passed     99.26%
 196  NR_026086.1_Mycolicibacterium_komossense_strain_Ko2_16S_ribosomal_RNA_partial_sequence                            0.40%    passed     99.39%
 197  NR_119253.1_Mycolicibacterium_wolinskyi_strain_700010_16S_ribosomal_RNA_partial_sequence                          0.00%    passed     99.57%
 198  20cm_Gotland                                                                                                      0.00%    passed     97.73%
 199  NR_026173.1_Mycolicibacterium_chlorophenolicum_strain_DSM_43826_16S_ribosomal_RNA_partial_sequence                0.00%    passed     99.25%
 200  NR_104691.1_Mycolicibacterium_murale_strain_MA112/96_16S_ribosomal_RNA_partial_sequence                           0.00%    passed     99.57%
 201  145cm_Gotland_3_                                                                                                  0.00%    passed     93.09%
 202  NR_043761.1_Mycolicibacterium_rutilum_strain_czh-117_16S_ribosomal_RNA_partial_sequence                           0.00%    passed     96.96%
 203  40cm_Gotland_3_                                                                                                   0.00%    passed     96.87%
 204  NR_026073.1_Mycolicibacterium_duvalii_strain_ATCC_43910_16S_ribosomal_RNA_partial_sequence                        0.00%    passed     99.57%
 205  NR_042919.1_Mycolicibacterium_mucogenicum_strain_ATCC_49650_16S_ribosomal_RNA_partial_sequence                    0.00%    passed     99.17%
 206  NR_025235.1_Mycolicibacterium_poriferae_strain_ATCC_35087_16S_ribosomal_RNA_partial_sequence                      0.00%    passed     98.41%
****  TOTAL                                                                                                             0.01%  0 sequences failed composition chi2 test (p-value<5%; df=3)
NOTE: NR_044840.1_Mycobacterium_intermedium_strain_1669/91_16S_ribosomal_RNA_partial_sequence is identical to NR_121712.2_Mycobacterium_kansasii_ATCC_12478_16S_ribosomal_RNA_complete_sequence but kept for subsequent analysis
NOTE: NR_025529.1_Mycolicibacterium_rhodesiae_strain_DSM_44223_16S_ribosomal_RNA_partial_sequence is identical to NR_117885.1_Mycolicibacterium_tusciae_strain_CIP_106367_16S_ribosomal_RNA_partial_sequence but kept for subsequent analysis
NOTE: NR_074572.1_Mycolicibacterium_vanbaalenii_PYR-1_16S_ribosomal_RNA_partial_sequence is identical to NR_026284.1_Mycolicibacterium_austroafricanum_strain_ATCC_33464_16S_ribosomal_RNA_partial_sequence but kept for subsequent analysis
NOTE: NR_042265.1_Mycolicibacterium_mageritense_DSM_44476___CIP_104973_strain_938_16S_ribosomal_RNA_partial_sequence is identical to NR_134094.1_Mycolicibacterium_hippocampi_strain_BFLP-6_16S_ribosomal_RNA_partial_sequence but kept for subsequent analysis
NOTE: 2cm_Gotland_13_ is identical to 2cm_Gotland_14_ but kept for subsequent analysis
NOTE: 20cm_Gotland_4_ is identical to 2cm_Gotland_10_ but kept for subsequent analysis
NOTE: NR_028998.1_Mycolicibacterium_psychrotolerans_strain_WA101_16S_ribosomal_RNA_partial_sequence is identical to NR_118914.1_Mycolicibacterium_chubuense_strain_ATCC_27278_16S_ribosomal_RNA_partial_sequence but kept for subsequent analysis
NOTE: NR_104888.1_Mycobacterium_haemophilum_DSM_44634_16S_ribosomal_RNA_partial_sequence is identical to NR_044449.1_Mycobacterium_riyadhense_strain_NLA000201958_16S_ribosomal_RNA_partial_sequence but kept for subsequent analysis
NOTE: 150cm_Fin_4_ is identical to 2cm_Fin_14_ but kept for subsequent analysis
NOTE: NR_044815.1_Mycolicibacterium_flavescens_strain_ATCC_14474_16S_ribosomal_RNA_partial_sequence is identical to NR_115311.1_Mycolicibacterium_flavescens_strain_ATCC_14474_16S_ribosomal_RNA_partial_sequence but kept for subsequent analysis
NOTE: NR_125525.1_Mycolicibacterium_insubricum_strain_FI-06250_16S_ribosomal_RNA_partial_sequence is identical to NR_042280.1_Mycolicibacterium_llatzerense_strain_MG13_16S_ribosomal_RNA_partial_sequence but kept for subsequent analysis
NOTE: 80cm_Fin_8_ is identical to 40cm_Fin_2_ but kept for subsequent analysis
NOTE: 80cm_Fin_11_ is identical to 145cm_Gotland but kept for subsequent analysis
NOTE: 80cm_Fin_12_ is identical to 150cm_Fin_3_ but kept for subsequent analysis
NOTE: NR_151954.1_Mycobacterium_arcueilense_strain_269_16S_ribosomal_RNA_partial_sequence is identical to NR_151953.1_Mycolicibacterium_lutetiense_strain_071_16S_ribosomal_RNA_partial_sequence but kept for subsequent analysis
NOTE: NR_026286.1_Mycobacterium_hodleri_strain_DSM_44183_16S_ribosomal_RNA_partial_sequence is identical to NR_109734.2_Mycolicibacterium_arabiense_strain_YIM_121001_16S_ribosomal_RNA_complete_sequence but kept for subsequent analysis
NOTE: NR_041346.1_Mycolicibacter_kumamotonensis_strain_CST_7274_16S_ribosomal_RNA_partial_sequence is identical to NR_117529.1_Mycolicibacter_algericus_DSM_45454_strain_Bejaia_16S_ribosomal_RNA_partial_sequence but kept for subsequent analysis
NOTE: NR_157699.1_Mycobacterium_talmoniae_strain_NE-TNMC-100812_16S_ribosomal_RNA_complete_sequence is identical to NR_118288.1_Mycolicibacter_longobardus_strain_DSM_45394_16S_ribosomal_RNA_partial_sequence but kept for subsequent analysis
NOTE: 190cm_Fin_3_ is identical to 270cm_Gotland_2_ but kept for subsequent analysis
NOTE: NR_156819.1_Mycolicibacterium_malmesburyense_strain_WCM_7299_16S_ribosomal_RNA_partial_sequence is identical to NR_025233.1_Mycolicibacterium_brumae_strain_ATCC_51384_16S_ribosomal_RNA_partial_sequence but kept for subsequent analysis
NOTE: NR_109733.1_Mycolicibacterium_sediminis_strain_YIM_M13028_16S_ribosomal_RNA_partial_sequence is identical to NR_152646.1_Mycolicibacterium_sarraceniae_strain_JCM_30395_16S_ribosomal_RNA_partial_sequence but kept for subsequent analysis
NOTE: 20cm_Gotland is identical to 110cm_Fin_2_ but kept for subsequent analysis
NOTE: 62 identical sequences (see below) will be ignored for subsequent analysis
NOTE: NR_118111.1_Mycobacterium_intracellulare_ATCC_13950_16S_ribosomal_RNA_partial_sequence (identical to NR_121712.2_Mycobacterium_kansasii_ATCC_12478_16S_ribosomal_RNA_complete_sequence) is ignored but added at the end
NOTE: NR_146658.1_Mycobacterium_paraintracellulare_strain_MOTT64_16S_ribosomal_RNA_partial_sequence (identical to NR_121712.2_Mycobacterium_kansasii_ATCC_12478_16S_ribosomal_RNA_complete_sequence) is ignored but added at the end
NOTE: NR_113366.1_Mycobacterium_marinum_strain_ATCC_927_16S_ribosomal_RNA_partial_sequence (identical to NR_121712.2_Mycobacterium_kansasii_ATCC_12478_16S_ribosomal_RNA_complete_sequence) is ignored but added at the end
NOTE: NR_156953.1_Mycobacterium_persicum_strain_AFPC-000227_16S_ribosomal_RNA_partial_sequence (identical to NR_121712.2_Mycobacterium_kansasii_ATCC_12478_16S_ribosomal_RNA_complete_sequence) is ignored but added at the end
NOTE: NR_044826.2_Mycobacterium_tuberculosis_H37Rv_16S_ribosomal_RNA_complete_sequence (identical to NR_121712.2_Mycobacterium_kansasii_ATCC_12478_16S_ribosomal_RNA_complete_sequence) is ignored but added at the end
NOTE: NR_042423.1_Mycobacterium_colombiense_CECT_3035_strain_10B_16S_ribosomal_RNA_partial_sequence (identical to NR_121712.2_Mycobacterium_kansasii_ATCC_12478_16S_ribosomal_RNA_complete_sequence) is ignored but added at the end
NOTE: NR_042793.1_Mycobacterium_saskatchewanense_strain_NRCM_00-250_16S_ribosomal_RNA_partial_sequence (identical to NR_121712.2_Mycobacterium_kansasii_ATCC_12478_16S_ribosomal_RNA_complete_sequence) is ignored but added at the end
NOTE: NR_118147.1_Mycobacterium_intracellulare_subsp._yongonense_strain_05-1390_16S_ribosomal_RNA_partial_sequence (identical to NR_121712.2_Mycobacterium_kansasii_ATCC_12478_16S_ribosomal_RNA_complete_sequence) is ignored but added at the end
NOTE: NR_135729.1_Mycobacterium_bourgelatii_strain_MLB-A84_16S_ribosomal_RNA_partial_sequence (identical to NR_121712.2_Mycobacterium_kansasii_ATCC_12478_16S_ribosomal_RNA_complete_sequence) is ignored but added at the end
NOTE: NR_104956.1_Mycobacterium_timonense_strain_5351974_16S_ribosomal_RNA_partial_sequence (identical to NR_121712.2_Mycobacterium_kansasii_ATCC_12478_16S_ribosomal_RNA_complete_sequence) is ignored but added at the end
NOTE: NR_102810.2_Mycobacterium_tuberculosis_H37Rv_16S_ribosomal_RNA_complete_sequence (identical to NR_121712.2_Mycobacterium_kansasii_ATCC_12478_16S_ribosomal_RNA_complete_sequence) is ignored but added at the end
NOTE: NR_029219.1_Mycolicibacterium_aichiense_strain_49005_16S_ribosomal_RNA_partial_sequence (identical to NR_117885.1_Mycolicibacterium_tusciae_strain_CIP_106367_16S_ribosomal_RNA_partial_sequence) is ignored but added at the end
NOTE: NR_026087.1_Mycolicibacterium_gadium_strain_1066_16S_ribosomal_RNA_partial_sequence (identical to NR_117885.1_Mycolicibacterium_tusciae_strain_CIP_106367_16S_ribosomal_RNA_partial_sequence) is ignored but added at the end
NOTE: NR_115805.1_Mycolicibacterium_gadium_strain_CIP_105388_16S_ribosomal_RNA_partial_sequence (identical to NR_117885.1_Mycolicibacterium_tusciae_strain_CIP_106367_16S_ribosomal_RNA_partial_sequence) is ignored but added at the end
NOTE: NR_029293.1_Mycolicibacterium_vanbaalenii_PYR-1_16S_ribosomal_RNA_partial_sequence (identical to NR_026284.1_Mycolicibacterium_austroafricanum_strain_ATCC_33464_16S_ribosomal_RNA_partial_sequence) is ignored but added at the end
NOTE: NR_029217.1_Mycolicibacterium_aurum_strain_358_16S_ribosomal_RNA_partial_sequence (identical to NR_026284.1_Mycolicibacterium_austroafricanum_strain_ATCC_33464_16S_ribosomal_RNA_partial_sequence) is ignored but added at the end
NOTE: NR_116555.1_Mycolicibacterium_aurum_strain_ATCC_23366_16S_ribosomal_RNA_partial_sequence (identical to NR_026284.1_Mycolicibacterium_austroafricanum_strain_ATCC_33464_16S_ribosomal_RNA_partial_sequence) is ignored but added at the end
NOTE: NR_136492.1_Mycolicibacterium_anyangense_strain_QIA-38_16S_ribosomal_RNA_partial_sequence (identical to NR_134094.1_Mycolicibacterium_hippocampi_strain_BFLP-6_16S_ribosomal_RNA_partial_sequence) is ignored but added at the end
NOTE: NR_114447.1_Mycolicibacterium_peregrinum_strain_ATCC_14467_16S_ribosomal_RNA_partial_sequence (identical to NR_134094.1_Mycolicibacterium_hippocampi_strain_BFLP-6_16S_ribosomal_RNA_partial_sequence) is ignored but added at the end
NOTE: NR_025737.1_Mycolicibacterium_canariasense_strain_502329_16S_ribosomal_RNA_partial_sequence (identical to NR_134094.1_Mycolicibacterium_hippocampi_strain_BFLP-6_16S_ribosomal_RNA_partial_sequence) is ignored but added at the end
NOTE: NR_042922.1_Mycolicibacterium_wolinskyi_strain_ATCC_700010_16S_ribosomal_RNA_partial_sequence (identical to NR_134094.1_Mycolicibacterium_hippocampi_strain_BFLP-6_16S_ribosomal_RNA_partial_sequence) is ignored but added at the end
NOTE: NR_158076.1_Mycobacterium_aquiterrae_strain_S-I-6_16S_ribosomal_RNA_partial_sequence (identical to NR_134094.1_Mycolicibacterium_hippocampi_strain_BFLP-6_16S_ribosomal_RNA_partial_sequence) is ignored but added at the end
NOTE: NR_117884.1_Mycolicibacterium_murale_strain_CCUG_39728_16S_ribosomal_RNA_partial_sequence (identical to NR_134094.1_Mycolicibacterium_hippocampi_strain_BFLP-6_16S_ribosomal_RNA_partial_sequence) is ignored but added at the end
NOTE: NR_116557.1_Mycolicibacterium_bacteremicum_strain_ATCC_25791_16S_ribosomal_RNA_partial_sequence (identical to NR_134094.1_Mycolicibacterium_hippocampi_strain_BFLP-6_16S_ribosomal_RNA_partial_sequence) is ignored but added at the end
NOTE: NR_025236.1_Mycolicibacterium_tokaiense_strain_ATCC_27282_16S_ribosomal_RNA_partial_sequence (identical to NR_134094.1_Mycolicibacterium_hippocampi_strain_BFLP-6_16S_ribosomal_RNA_partial_sequence) is ignored but added at the end
NOTE: NR_117909.1_Mycolicibacterium_iranicum_strain_M05_16S_ribosomal_RNA_partial_sequence (identical to NR_134094.1_Mycolicibacterium_hippocampi_strain_BFLP-6_16S_ribosomal_RNA_partial_sequence) is ignored but added at the end
NOTE: NR_115232.1_Mycolicibacterium_mageritense_strain_CIP_104973_16S_ribosomal_RNA_partial_sequence (identical to NR_134094.1_Mycolicibacterium_hippocampi_strain_BFLP-6_16S_ribosomal_RNA_partial_sequence) is ignored but added at the end
NOTE: NR_025787.1_Mycolicibacterium_cosmeticum_strain_LTA-388_16S_ribosomal_RNA_partial_sequence (identical to NR_134094.1_Mycolicibacterium_hippocampi_strain_BFLP-6_16S_ribosomal_RNA_partial_sequence) is ignored but added at the end
NOTE: NR_119253.1_Mycolicibacterium_wolinskyi_strain_700010_16S_ribosomal_RNA_partial_sequence (identical to NR_134094.1_Mycolicibacterium_hippocampi_strain_BFLP-6_16S_ribosomal_RNA_partial_sequence) is ignored but added at the end
NOTE: NR_104691.1_Mycolicibacterium_murale_strain_MA112/96_16S_ribosomal_RNA_partial_sequence (identical to NR_134094.1_Mycolicibacterium_hippocampi_strain_BFLP-6_16S_ribosomal_RNA_partial_sequence) is ignored but added at the end
NOTE: NR_026073.1_Mycolicibacterium_duvalii_strain_ATCC_43910_16S_ribosomal_RNA_partial_sequence (identical to NR_134094.1_Mycolicibacterium_hippocampi_strain_BFLP-6_16S_ribosomal_RNA_partial_sequence) is ignored but added at the end
NOTE: NR_158005.1_Mycobacterium_aquaticum_strain_RW6_16S_ribosomal_RNA_partial_sequence (identical to NR_118914.1_Mycolicibacterium_chubuense_strain_ATCC_27278_16S_ribosomal_RNA_partial_sequence) is ignored but added at the end
NOTE: NR_043283.1_Mycobacterium_rufum_strain_JS14_16S_ribosomal_RNA_partial_sequence (identical to NR_118914.1_Mycolicibacterium_chubuense_strain_ATCC_27278_16S_ribosomal_RNA_partial_sequence) is ignored but added at the end
NOTE: NR_159107.1_Mycobacterium_grossiae_strain_PB739_16S_ribosomal_RNA_partial_sequence (identical to NR_118914.1_Mycolicibacterium_chubuense_strain_ATCC_27278_16S_ribosomal_RNA_partial_sequence) is ignored but added at the end
NOTE: NR_041902.1_Mycolicibacterium_chubuense_strain_ATCC_27278_16S_ribosomal_RNA_partial_sequence (identical to NR_118914.1_Mycolicibacterium_chubuense_strain_ATCC_27278_16S_ribosomal_RNA_partial_sequence) is ignored but added at the end
NOTE: NR_115331.1_Mycolicibacterium_moriokaense_strain_CIP_105393_16S_ribosomal_RNA_partial_sequence (identical to NR_118914.1_Mycolicibacterium_chubuense_strain_ATCC_27278_16S_ribosomal_RNA_partial_sequence) is ignored but added at the end
NOTE: NR_025296.1_Mycolicibacterium_elephantis_strain_DSM_44368_16S_ribosomal_RNA_partial_sequence (identical to NR_118914.1_Mycolicibacterium_chubuense_strain_ATCC_27278_16S_ribosomal_RNA_partial_sequence) is ignored but added at the end
NOTE: NR_119093.2_Mycolicibacterium_chlorophenolicum_strain_PCP-I_16S_ribosomal_RNA_complete_sequence (identical to NR_118914.1_Mycolicibacterium_chubuense_strain_ATCC_27278_16S_ribosomal_RNA_partial_sequence) is ignored but added at the end
NOTE: NR_025528.1_Mycolicibacterium_pulveris_strain_DSM_44222_16S_ribosomal_RNA_partial_sequence (identical to NR_118914.1_Mycolicibacterium_chubuense_strain_ATCC_27278_16S_ribosomal_RNA_partial_sequence) is ignored but added at the end
NOTE: NR_104774.1_Mycolicibacterium_sphagni_strain_Sph_38_16S_ribosomal_RNA_partial_sequence (identical to NR_118914.1_Mycolicibacterium_chubuense_strain_ATCC_27278_16S_ribosomal_RNA_partial_sequence) is ignored but added at the end
NOTE: NR_029037.1_Mycolicibacterium_brisbanense_strain_W6743_16S_ribosomal_RNA_partial_sequence (identical to NR_118914.1_Mycolicibacterium_chubuense_strain_ATCC_27278_16S_ribosomal_RNA_partial_sequence) is ignored but added at the end
NOTE: NR_169341.1_Mycobacterium_palauense_strain_CECT_8779_16S_ribosomal_RNA_complete_sequence (identical to NR_118914.1_Mycolicibacterium_chubuense_strain_ATCC_27278_16S_ribosomal_RNA_partial_sequence) is ignored but added at the end
NOTE: NR_043760.1_Mycobacterium_pallens_strain_czh-8_16S_ribosomal_RNA_partial_sequence (identical to NR_118914.1_Mycolicibacterium_chubuense_strain_ATCC_27278_16S_ribosomal_RNA_partial_sequence) is ignored but added at the end
NOTE: NR_025526.1_Mycolicibacterium_moriokaense_strain_DSM_44221_16S_ribosomal_RNA_partial_sequence (identical to NR_118914.1_Mycolicibacterium_chubuense_strain_ATCC_27278_16S_ribosomal_RNA_partial_sequence) is ignored but added at the end
NOTE: NR_115330.1_Mycobacterium_barrassiae_strain_CIP_108545_16S_ribosomal_RNA_partial_sequence (identical to NR_118914.1_Mycolicibacterium_chubuense_strain_ATCC_27278_16S_ribosomal_RNA_partial_sequence) is ignored but added at the end
NOTE: NR_025235.1_Mycolicibacterium_poriferae_strain_ATCC_35087_16S_ribosomal_RNA_partial_sequence (identical to NR_118914.1_Mycolicibacterium_chubuense_strain_ATCC_27278_16S_ribosomal_RNA_partial_sequence) is ignored but added at the end
NOTE: NR_147779.2_Mycobacterium_alsense_strain_TB_1906_16S_ribosomal_RNA_complete_sequence (identical to NR_044449.1_Mycobacterium_riyadhense_strain_NLA000201958_16S_ribosomal_RNA_partial_sequence) is ignored but added at the end
NOTE: NR_145908.1_Mycobacterium_angelicum_strain__DSM_45057_16S_ribosomal_RNA_partial_sequence (identical to NR_044449.1_Mycobacterium_riyadhense_strain_NLA000201958_16S_ribosomal_RNA_partial_sequence) is ignored but added at the end
NOTE: NR_118917.1_Mycobacterium_asiaticum_strain_ATCC_25276_16S_ribosomal_RNA_partial_sequence (identical to NR_044449.1_Mycobacterium_riyadhense_strain_NLA000201958_16S_ribosomal_RNA_partial_sequence) is ignored but added at the end
NOTE: NR_104909.1_Mycobacterium_interjectum_strain_4185/92_16S_ribosomal_RNA_partial_sequence (identical to NR_044449.1_Mycobacterium_riyadhense_strain_NLA000201958_16S_ribosomal_RNA_partial_sequence) is ignored but added at the end
NOTE: NR_117225.1_Mycobacterium_malmoense_strain_ATCC_29571_16S_ribosomal_RNA_partial_sequence (identical to NR_044449.1_Mycobacterium_riyadhense_strain_NLA000201958_16S_ribosomal_RNA_partial_sequence) is ignored but added at the end
NOTE: NR_025175.1_Mycobacterium_lacus_strain_NRCM_00-255_16S_ribosomal_RNA_partial_sequence (identical to NR_044449.1_Mycobacterium_riyadhense_strain_NLA000201958_16S_ribosomal_RNA_partial_sequence) is ignored but added at the end
NOTE: NR_118584.1_Mycobacterium_szulgai_strain_ATCC_35799_16S_ribosomal_RNA_partial_sequence (identical to NR_044449.1_Mycobacterium_riyadhense_strain_NLA000201958_16S_ribosomal_RNA_partial_sequence) is ignored but added at the end
NOTE: NR_041901.1_Mycobacterium_asiaticum_strain_ATCC_25276_16S_ribosomal_RNA_partial_sequence (identical to NR_044449.1_Mycobacterium_riyadhense_strain_NLA000201958_16S_ribosomal_RNA_partial_sequence) is ignored but added at the end
NOTE: NR_043761.1_Mycolicibacterium_rutilum_strain_czh-117_16S_ribosomal_RNA_partial_sequence (identical to NR_115311.1_Mycolicibacterium_flavescens_strain_ATCC_14474_16S_ribosomal_RNA_partial_sequence) is ignored but added at the end
NOTE: NR_114656.1_Mycolicibacterium_mucogenicum_strain_ATCC_49650_16S_ribosomal_RNA_partial_sequence (identical to NR_042280.1_Mycolicibacterium_llatzerense_strain_MG13_16S_ribosomal_RNA_partial_sequence) is ignored but added at the end
NOTE: NR_043237.1_Mycolicibacterium_phocaicum_strain_N4_16S_ribosomal_RNA_partial_sequence (identical to NR_042280.1_Mycolicibacterium_llatzerense_strain_MG13_16S_ribosomal_RNA_partial_sequence) is ignored but added at the end
NOTE: NR_041906.1_Mycolicibacterium_phlei_strain_DSM_43239_16S_ribosomal_RNA_partial_sequence (identical to NR_042280.1_Mycolicibacterium_llatzerense_strain_MG13_16S_ribosomal_RNA_partial_sequence) is ignored but added at the end
NOTE: NR_042919.1_Mycolicibacterium_mucogenicum_strain_ATCC_49650_16S_ribosomal_RNA_partial_sequence (identical to NR_042280.1_Mycolicibacterium_llatzerense_strain_MG13_16S_ribosomal_RNA_partial_sequence) is ignored but added at the end
NOTE: NR_151955.1_Mycolicibacterium_montmartrense_strain_196_16S_ribosomal_RNA_partial_sequence (identical to NR_151953.1_Mycolicibacterium_lutetiense_strain_071_16S_ribosomal_RNA_partial_sequence) is ignored but added at the end
NOTE: NR_118612.1_Mycolicibacterium_smegmatis_strain_DSM_43756_16S_ribosomal_RNA_partial_sequence (identical to NR_151953.1_Mycolicibacterium_lutetiense_strain_071_16S_ribosomal_RNA_partial_sequence) is ignored but added at the end
NOTE: NR_157985.1_Mycobacterium_eburneum_strain_DSM_44358_16S_ribosomal_RNA_partial_sequence (identical to NR_118288.1_Mycolicibacter_longobardus_strain_DSM_45394_16S_ribosomal_RNA_partial_sequence) is ignored but added at the end
Alignment was printed to 3y.uniqueseq.phy

For your convenience alignment with unique sequences printed to 3y.uniqueseq.phy
Creating fast initial parsimony tree by random order stepwise addition...
0.284 seconds, parsimony score: 616 (based on 141 sites)
Generating 1000 samples for ultrafast bootstrap (seed: 903072)...

NOTE: 3 MB RAM (0 GB) is required!
WARNING: Number of threads seems too high for short alignments. Use -T AUTO to determine best number of threads.
Estimate model parameters (epsilon = 0.100)
1. Initial log-likelihood: -3777.582
2. Current log-likelihood: -3543.337
3. Current log-likelihood: -3540.171
Optimal log-likelihood: -3540.053
Rate parameters:  A-C: 0.92361  A-G: 3.18275  A-T: 1.50145  C-G: 0.46630  C-T: 5.22894  G-T: 1.00000
Base frequencies:  A: 0.227  C: 0.195  G: 0.375  T: 0.203
Gamma shape alpha: 0.339
Parameters optimization took 3 rounds (0.793 sec)
Computing ML distances based on estimated model parameters...
Computing ML distances took 0.202395 sec (of wall-clock time) 0.622555 sec(of CPU time)
Computing RapidNJ tree took 0.022884 sec (of wall-clock time) 0.027374 sec (of CPU time)
Log-likelihood of RapidNJ tree: -3548.791
--------------------------------------------------------------------
|             INITIALIZING CANDIDATE TREE SET                      |
--------------------------------------------------------------------
Generating 98 parsimony trees... 1.281 second
Computing log-likelihood of 98 initial trees ... 1.226 seconds
Current best score: -3506.064

Do NNI search on 20 best initial trees
Estimate model parameters (epsilon = 0.100)
BETTER TREE FOUND at iteration 1: -3476.116
Iteration 10 / LogL: -3512.618 / Time: 0h:0m:13s
Iteration 20 / LogL: -3522.026 / Time: 0h:0m:22s
Finish initializing candidate tree set (20)
Current best tree score: -3476.116 / CPU time: 20.938
Number of iterations: 20
--------------------------------------------------------------------
|               OPTIMIZING CANDIDATE TREE SET                      |
--------------------------------------------------------------------
Estimate model parameters (epsilon = 0.100)
BETTER TREE FOUND at iteration 27: -3468.850
Iteration 30 / LogL: -3491.723 / Time: 0h:0m:30s (0h:1m:42s left)
Estimate model parameters (epsilon = 0.100)
BETTER TREE FOUND at iteration 36: -3466.641
Estimate model parameters (epsilon = 0.100)
BETTER TREE FOUND at iteration 37: -3463.741
Estimate model parameters (epsilon = 0.100)
BETTER TREE FOUND at iteration 39: -3460.882
Iteration 40 / LogL: -3461.235 / Time: 0h:0m:45s (0h:1m:54s left)
Estimate model parameters (epsilon = 0.100)
BETTER TREE FOUND at iteration 41: -3454.727
Estimate model parameters (epsilon = 0.100)
BETTER TREE FOUND at iteration 43: -3452.351
Estimate model parameters (epsilon = 0.100)
BETTER TREE FOUND at iteration 46: -3451.297
Iteration 50 / LogL: -3452.533 / Time: 0h:0m:54s (0h:1m:46s left)
Log-likelihood cutoff on original alignment: -3547.979
Iteration 60 / LogL: -3457.967 / Time: 0h:1m:4s (0h:1m:34s left)
Estimate model parameters (epsilon = 0.100)
BETTER TREE FOUND at iteration 70: -3445.930
Iteration 70 / LogL: -3445.930 / Time: 0h:1m:17s (0h:1m:51s left)
BETTER TREE FOUND at iteration 76: -3445.930
Iteration 80 / LogL: -3450.578 / Time: 0h:1m:29s (0h:1m:48s left)
Iteration 90 / LogL: -3449.633 / Time: 0h:1m:39s (0h:1m:35s left)
Iteration 100 / LogL: -3449.266 / Time: 0h:1m:49s (0h:1m:24s left)
Log-likelihood cutoff on original alignment: -3547.979
NOTE: Bootstrap correlation coefficient of split occurrence frequencies: 0.976
NOTE: UFBoot does not converge, continue at least 100 more iterations
Iteration 110 / LogL: -3454.248 / Time: 0h:1m:59s (0h:1m:38s left)
Iteration 120 / LogL: -3452.892 / Time: 0h:2m:9s (0h:1m:27s left)
Estimate model parameters (epsilon = 0.100)
BETTER TREE FOUND at iteration 122: -3445.261
Estimate model parameters (epsilon = 0.100)
BETTER TREE FOUND at iteration 123: -3442.767
Iteration 130 / LogL: -3455.766 / Time: 0h:2m:19s (0h:1m:40s left)
Iteration 140 / LogL: -3453.456 / Time: 0h:2m:31s (0h:1m:30s left)
Iteration 150 / LogL: -3454.456 / Time: 0h:2m:41s (0h:1m:19s left)
Log-likelihood cutoff on original alignment: -3547.979
Iteration 160 / LogL: -3444.395 / Time: 0h:2m:53s (0h:1m:8s left)
Estimate model parameters (epsilon = 0.100)
BETTER TREE FOUND at iteration 162: -3441.902
Iteration 170 / LogL: -3443.468 / Time: 0h:3m:4s (0h:1m:40s left)
BETTER TREE FOUND at iteration 173: -3441.901
Iteration 180 / LogL: -3443.632 / Time: 0h:3m:14s (0h:1m:41s left)
Iteration 190 / LogL: -3446.600 / Time: 0h:3m:23s (0h:1m:29s left)
BETTER TREE FOUND at iteration 192: -3441.901
Iteration 200 / LogL: -3449.340 / Time: 0h:3m:38s (0h:1m:40s left)
Log-likelihood cutoff on original alignment: -3547.979
NOTE: Bootstrap correlation coefficient of split occurrence frequencies: 0.992
BETTER TREE FOUND at iteration 204: -3441.893
Iteration 210 / LogL: -3467.802 / Time: 0h:3m:51s (0h:1m:43s left)
BETTER TREE FOUND at iteration 220: -3441.893
Iteration 220 / LogL: -3441.893 / Time: 0h:4m:6s (0h:1m:52s left)
Iteration 230 / LogL: -3448.189 / Time: 0h:4m:15s (0h:1m:40s left)
Estimate model parameters (epsilon = 0.100)
BETTER TREE FOUND at iteration 235: -3440.669
Iteration 240 / LogL: -3447.819 / Time: 0h:4m:26s (0h:1m:45s left)
Iteration 250 / LogL: -3441.270 / Time: 0h:4m:40s (0h:1m:35s left)
Log-likelihood cutoff on original alignment: -3547.979
Iteration 260 / LogL: -3445.638 / Time: 0h:4m:55s (0h:1m:25s left)
Iteration 270 / LogL: -3449.824 / Time: 0h:5m:5s (0h:1m:13s left)
Iteration 280 / LogL: -3446.304 / Time: 0h:5m:14s (0h:1m:2s left)
Iteration 290 / LogL: -3459.517 / Time: 0h:5m:23s (0h:0m:50s left)
Iteration 300 / LogL: -3447.152 / Time: 0h:5m:32s (0h:0m:38s left)
Log-likelihood cutoff on original alignment: -3547.979
NOTE: Bootstrap correlation coefficient of split occurrence frequencies: 0.995
Iteration 310 / LogL: -3450.509 / Time: 0h:5m:42s (0h:1m:39s left)
Iteration 320 / LogL: -3442.841 / Time: 0h:5m:51s (0h:1m:27s left)
Iteration 330 / LogL: -3460.949 / Time: 0h:5m:59s (0h:1m:16s left)
TREE SEARCH COMPLETED AFTER 336 ITERATIONS / Time: 0h:6m:5s

--------------------------------------------------------------------
|                    FINALIZING TREE SEARCH                        |
--------------------------------------------------------------------
Performs final model parameters optimization
Estimate model parameters (epsilon = 0.010)
1. Initial log-likelihood: -3440.669
Optimal log-likelihood: -3440.668
Rate parameters:  A-C: 1.04898  A-G: 4.19275  A-T: 1.75736  C-G: 0.49198  C-T: 7.36073  G-T: 1.00000
Base frequencies:  A: 0.227  C: 0.195  G: 0.375  T: 0.203
Gamma shape alpha: 0.314
Parameters optimization took 1 rounds (0.133 sec)
BEST SCORE FOUND : -3440.668
Creating bootstrap support values...
Split supports printed to NEXUS file 3y.splits.nex
Total tree length: 3.984

Total number of iterations: 336
CPU time used for tree search: 1227.943 sec (0h:20m:27s)
Wall-clock time used for tree search: 363.468 sec (0h:6m:3s)
Total CPU time used: 1233.581 sec (0h:20m:33s)
Total wall-clock time used: 365.998 sec (0h:6m:5s)

Computing bootstrap consensus tree...
Reading input file 3y.splits.nex...
144 taxa and 2713 splits.
Consensus tree written to 3y.contree
Reading input trees file 3y.contree
Log-likelihood of consensus tree: -3440.816

Analysis results written to: 
  IQ-TREE report:                3y.iqtree
  Maximum-likelihood tree:       3y.treefile
  Likelihood distances:          3y.mldist

Ultrafast bootstrap approximation results written to:
  Split support values:          3y.splits.nex
  Consensus tree:                3y.contree
  Screen log file:               3y.log

Date and Time: Wed Sep 14 13:30:46 2022
